<?xml version="1.0" encoding="UTF-8"?>
<bplog:Log xmi:version="2.0" xmlns:xmi="http://www.omg.org/XMI" xmlns:xsi="http://www.w3.org/2001/XMLSchema-instance" xmlns:bplog="http://simtech.de/bpel/logging" processModelName="conductorder" processModelPath="/Users/Lijan/Development/bpm/eclipse_mac/workspace/conductservice/rev0/conductorder.bpel">
  <modelChange xsi:type="bplog:StructuralChange" changeReason="ElementRemoved" timestamp="2016-12-13T19:59:14.539+0100">
    <parentElement elementType="sequence" elementName="main" elementXPath="/process/sequence[1]"/>
    <oldElement elementType="empty" elementName="FIX_ME-Add_Business_Logic_Here" elementXPath="/process/sequence[1]/empty[1]"/>
  </modelChange>
  <modelChange xsi:type="bplog:StructuralChange" changeReason="ElementAdded" timestamp="2016-12-13T20:01:16.721+0100">
    <parentElement elementType="partnerLinks" elementName="" elementXPath="/process/partnerLinks[1]"/>
    <newElement elementType="partnerLink" elementName="" elementXPath="/process/partnerLinks[1]/partnerLink[2]"/>
  </modelChange>
  <modelChange xsi:type="bplog:ValueChange" changeReason="AttributeChanged" timestamp="2016-12-13T20:01:16.722+0100">
    <containingElement elementType="partnerLink" elementName="" elementXPath="/process/partnerLinks[1]/partnerLink[2]"/>
    <attribute attributeName="name" oldValue="" newValue="PartnerLink"/>
  </modelChange>
  <modelChange xsi:type="bplog:ValueChange" changeReason="AttributeChanged" timestamp="2016-12-13T20:01:23.379+0100">
    <containingElement elementType="partnerLink" elementName="PartnerLink" elementXPath="/process/partnerLinks[1]/partnerLink[2]"/>
    <attribute attributeName="name" oldValue="PartnerLink" newValue="InventoryServicePL"/>
  </modelChange>
  <modelChange xsi:type="bplog:StructuralChange" changeReason="ElementAdded" timestamp="2016-12-13T20:02:03.042+0100">
    <parentElement elementType="process" elementName="conductorder" elementXPath="/process"/>
    <newElement elementType="import" elementName="" elementXPath="/process/import[1]"/>
  </modelChange>
  <modelChange xsi:type="bplog:ValueChange" changeReason="AttributeChanged" timestamp="2016-12-13T20:02:38.746+0100">
    <containingElement elementType="partnerLink" elementName="InventoryServicePL" elementXPath="/process/partnerLinks[1]/partnerLink[2]"/>
    <attribute attributeName="partnerLinkType" oldValue="" newValue="tns:InventoryServicePL"/>
  </modelChange>
  <modelChange xsi:type="bplog:ValueChange" changeReason="AttributeChanged" timestamp="2016-12-13T20:02:40.441+0100">
    <containingElement elementType="partnerLink" elementName="InventoryServicePL" elementXPath="/process/partnerLinks[1]/partnerLink[2]"/>
    <attribute attributeName="partnerRole" oldValue="" newValue="InventoryServicePLRole"/>
  </modelChange>
  <modelChange xsi:type="bplog:StructuralChange" changeReason="ElementAdded" timestamp="2016-12-13T20:08:52.157+0100">
    <parentElement elementType="sequence" elementName="main" elementXPath="/process/sequence[1]"/>
    <newElement elementType="invoke" elementName="" elementXPath="/process/sequence[1]/invoke[1]"/>
  </modelChange>
  <modelChange xsi:type="bplog:ValueChange" changeReason="AttributeChanged" timestamp="2016-12-13T20:08:52.166+0100">
    <containingElement elementType="invoke" elementName="" elementXPath="/process/sequence[1]/invoke[1]"/>
    <attribute attributeName="name" oldValue="" newValue="Invoke"/>
  </modelChange>
  <modelChange xsi:type="bplog:StructuralChange" changeReason="ElementAdded" timestamp="2016-12-13T20:09:01.317+0100">
    <parentElement elementType="sequence" elementName="main" elementXPath="/process/sequence[1]"/>
    <newElement elementType="assign" elementName="" elementXPath="/process/sequence[1]/assign[1]"/>
  </modelChange>
  <modelChange xsi:type="bplog:ValueChange" changeReason="AttributeChanged" timestamp="2016-12-13T20:09:01.325+0100">
    <containingElement elementType="assign" elementName="" elementXPath="/process/sequence[1]/assign[1]"/>
    <attribute attributeName="name" oldValue="" newValue="Assign"/>
  </modelChange>
  <modelChange xsi:type="bplog:StructuralChange" changeReason="ElementAdded" timestamp="2016-12-13T20:09:04.491+0100">
    <parentElement elementType="sequence" elementName="main" elementXPath="/process/sequence[1]"/>
    <newElement elementType="assign" elementName="" elementXPath="/process/sequence[1]/assign[2]"/>
  </modelChange>
  <modelChange xsi:type="bplog:ValueChange" changeReason="AttributeChanged" timestamp="2016-12-13T20:09:04.497+0100">
    <containingElement elementType="assign" elementName="" elementXPath="/process/sequence[1]/assign[2]"/>
    <attribute attributeName="name" oldValue="" newValue="Assign1"/>
  </modelChange>
  <modelChange xsi:type="bplog:ValueChange" changeReason="AttributeChanged" timestamp="2016-12-13T20:09:18.204+0100">
    <containingElement elementType="invoke" elementName="Invoke" elementXPath="/process/sequence[1]/invoke[1]"/>
    <attribute attributeName="partnerLink" oldValue="" newValue="InventoryServicePL"/>
  </modelChange>
  <modelChange xsi:type="bplog:ValueChange" changeReason="AttributeChanged" timestamp="2016-12-13T20:09:18.210+0100">
    <containingElement elementType="invoke" elementName="Invoke" elementXPath="/process/sequence[1]/invoke[1]"/>
    <attribute attributeName="operation" oldValue="" newValue="checkAvailability"/>
  </modelChange>
  <modelChange xsi:type="bplog:ValueChange" changeReason="AttributeChanged" timestamp="2016-12-13T20:09:18.215+0100">
    <containingElement elementType="invoke" elementName="Invoke" elementXPath="/process/sequence[1]/invoke[1]"/>
    <attribute attributeName="operation" oldValue="checkAvailability"/>
  </modelChange>
  <modelChange xsi:type="bplog:ValueChange" changeReason="AttributeChanged" timestamp="2016-12-13T20:09:18.221+0100">
    <containingElement elementType="invoke" elementName="Invoke" elementXPath="/process/sequence[1]/invoke[1]"/>
    <attribute attributeName="portType" oldValue=""/>
  </modelChange>
  <modelChange xsi:type="bplog:StructuralChange" changeReason="ElementAdded" timestamp="2016-12-13T20:09:21.166+0100">
    <parentElement elementType="variables" elementName="" elementXPath="/process/variables[1]"/>
    <newElement elementType="variable" elementName="InventoryServicePLResponse" elementXPath="/process/variables[1]/variable[3]"/>
  </modelChange>
  <modelChange xsi:type="bplog:StructuralChange" changeReason="ElementAdded" timestamp="2016-12-13T20:09:21.174+0100">
    <parentElement elementType="variables" elementName="" elementXPath="/process/variables[1]"/>
    <newElement elementType="variable" elementName="InventoryServicePLRequest" elementXPath="/process/variables[1]/variable[4]"/>
  </modelChange>
  <modelChange xsi:type="bplog:ValueChange" changeReason="AttributeChanged" timestamp="2016-12-13T20:09:21.175+0100">
    <containingElement elementType="invoke" elementName="Invoke" elementXPath="/process/sequence[1]/invoke[1]"/>
    <attribute attributeName="operation" oldValue="" newValue="checkAvailability"/>
  </modelChange>
  <modelChange xsi:type="bplog:ValueChange" changeReason="AttributeChanged" timestamp="2016-12-13T20:09:21.179+0100">
    <containingElement elementType="invoke" elementName="Invoke" elementXPath="/process/sequence[1]/invoke[1]"/>
    <attribute attributeName="portType" oldValue="" newValue="ns:InventoryPortType"/>
  </modelChange>
  <modelChange xsi:type="bplog:ValueChange" changeReason="AttributeChanged" timestamp="2016-12-13T20:09:21.183+0100">
    <containingElement elementType="invoke" elementName="Invoke" elementXPath="/process/sequence[1]/invoke[1]"/>
    <attribute attributeName="inputVariable" oldValue="" newValue="InventoryServicePLRequest"/>
  </modelChange>
  <modelChange xsi:type="bplog:ValueChange" changeReason="AttributeChanged" timestamp="2016-12-13T20:09:21.190+0100">
    <containingElement elementType="invoke" elementName="Invoke" elementXPath="/process/sequence[1]/invoke[1]"/>
    <attribute attributeName="outputVariable" oldValue="" newValue="InventoryServicePLResponse"/>
  </modelChange>
  <modelChange xsi:type="bplog:StructuralChange" changeReason="ElementAdded" timestamp="2016-12-13T20:09:26.603+0100">
    <parentElement elementType="assign" elementName="Assign" elementXPath="/process/sequence[1]/assign[1]"/>
    <newElement elementType="copy" elementName="" elementXPath="/process/sequence[1]/assign[1]/copy[1]"/>
  </modelChange>
  <modelChange xsi:type="bplog:StructuralChange" changeReason="ElementAdded" timestamp="2016-12-13T20:09:26.629+0100">
    <parentElement elementType="copy" elementName="" elementXPath="/process/sequence[1]/assign[1]/copy[1]"/>
    <newElement elementType="from" elementName=""/>
  </modelChange>
  <modelChange xsi:type="bplog:StructuralChange" changeReason="ElementAdded" timestamp="2016-12-13T20:09:26.648+0100">
    <parentElement elementType="copy" elementName="" elementXPath="/process/sequence[1]/assign[1]/copy[1]"/>
    <newElement elementType="to" elementName=""/>
  </modelChange>
  <modelChange xsi:type="bplog:ValueChange" changeReason="AttributeChanged" timestamp="2016-12-13T20:09:41.260+0100">
    <containingElement elementType="from" elementName="" elementXPath="/process/sequence[1]/assign[1]/copy[1]/from[1]"/>
    <attribute attributeName="variable" oldValue=""/>
  </modelChange>
  <modelChange xsi:type="bplog:ValueChange" changeReason="AttributeChanged" timestamp="2016-12-13T20:09:41.261+0100">
    <containingElement elementType="from" elementName="" elementXPath="/process/sequence[1]/assign[1]/copy[1]/from[1]"/>
    <attribute attributeName="part" oldValue=""/>
  </modelChange>
  <modelChange xsi:type="bplog:ValueChange" changeReason="AttributeChanged" timestamp="2016-12-13T20:09:41.261+0100">
    <containingElement elementType="from" elementName="" elementXPath="/process/sequence[1]/assign[1]/copy[1]/from[1]"/>
    <attribute attributeName="property" oldValue=""/>
  </modelChange>
  <modelChange xsi:type="bplog:ValueChange" changeReason="AttributeChanged" timestamp="2016-12-13T20:09:41.262+0100">
    <containingElement elementType="from" elementName="" elementXPath="/process/sequence[1]/assign[1]/copy[1]/from[1]"/>
    <attribute attributeName="part" oldValue="" newValue="payload"/>
  </modelChange>
  <modelChange xsi:type="bplog:ValueChange" changeReason="AttributeChanged" timestamp="2016-12-13T20:09:41.266+0100">
    <containingElement elementType="from" elementName="" elementXPath="/process/sequence[1]/assign[1]/copy[1]/from[1]"/>
    <attribute attributeName="variable" oldValue="" newValue="input"/>
  </modelChange>
  <modelChange xsi:type="bplog:ValueChange" changeReason="AttributeChanged" timestamp="2016-12-13T20:09:48.101+0100">
    <containingElement elementType="to" elementName=""/>
    <attribute attributeName="variable" oldValue=""/>
  </modelChange>
  <modelChange xsi:type="bplog:ValueChange" changeReason="AttributeChanged" timestamp="2016-12-13T20:09:48.102+0100">
    <containingElement elementType="to" elementName=""/>
    <attribute attributeName="part" oldValue=""/>
  </modelChange>
  <modelChange xsi:type="bplog:ValueChange" changeReason="AttributeChanged" timestamp="2016-12-13T20:09:48.102+0100">
    <containingElement elementType="to" elementName=""/>
    <attribute attributeName="property" oldValue=""/>
  </modelChange>
  <modelChange xsi:type="bplog:ValueChange" changeReason="AttributeChanged" timestamp="2016-12-13T20:09:48.103+0100">
    <containingElement elementType="to" elementName=""/>
    <attribute attributeName="part" oldValue="" newValue="checkAvailabilityInput"/>
  </modelChange>
  <modelChange xsi:type="bplog:ValueChange" changeReason="AttributeChanged" timestamp="2016-12-13T20:09:48.106+0100">
    <containingElement elementType="to" elementName=""/>
    <attribute attributeName="variable" oldValue="" newValue="InventoryServicePLRequest"/>
  </modelChange>
  <modelChange xsi:type="bplog:StructuralChange" changeReason="ElementAdded" timestamp="2016-12-13T20:09:49.623+0100">
    <parentElement elementType="assign" elementName="Assign" elementXPath="/process/sequence[1]/assign[1]"/>
    <newElement elementType="copy" elementName="" elementXPath="/process/sequence[1]/assign[1]/copy[1]"/>
  </modelChange>
  <modelChange xsi:type="bplog:StructuralChange" changeReason="ElementAdded" timestamp="2016-12-13T20:09:49.630+0100">
    <parentElement elementType="copy" elementName="" elementXPath="/process/sequence[1]/assign[1]/copy[1]"/>
    <newElement elementType="from" elementName=""/>
  </modelChange>
  <modelChange xsi:type="bplog:StructuralChange" changeReason="ElementAdded" timestamp="2016-12-13T20:09:49.635+0100">
    <parentElement elementType="copy" elementName="" elementXPath="/process/sequence[1]/assign[1]/copy[1]"/>
    <newElement elementType="to" elementName=""/>
  </modelChange>
  <modelChange xsi:type="bplog:StructuralChange" changeReason="ElementRemoved" timestamp="2016-12-13T20:09:49.652+0100">
    <parentElement elementType="copy" elementName="" elementXPath="/process/sequence[1]/assign[1]/copy[1]"/>
    <oldElement elementType="from" elementName="" elementXPath="/process/sequence[1]/assign[1]/copy[1]/from[1]"/>
  </modelChange>
  <modelChange xsi:type="bplog:StructuralChange" changeReason="ElementAdded" timestamp="2016-12-13T20:09:49.652+0100">
    <parentElement elementType="copy" elementName="" elementXPath="/process/sequence[1]/assign[1]/copy[1]"/>
    <newElement elementType="from" elementName=""/>
  </modelChange>
  <modelChange xsi:type="bplog:StructuralChange" changeReason="ElementRemoved" timestamp="2016-12-13T20:09:49.658+0100">
    <parentElement elementType="copy" elementName="" elementXPath="/process/sequence[1]/assign[1]/copy[1]"/>
    <oldElement elementType="to" elementName="" elementXPath="/process/sequence[1]/assign[1]/copy[1]/to[1]"/>
  </modelChange>
  <modelChange xsi:type="bplog:StructuralChange" changeReason="ElementAdded" timestamp="2016-12-13T20:09:49.658+0100">
    <parentElement elementType="copy" elementName="" elementXPath="/process/sequence[1]/assign[1]/copy[1]"/>
    <newElement elementType="to" elementName=""/>
  </modelChange>
  <modelChange xsi:type="bplog:StructuralChange" changeReason="ElementAdded" timestamp="2016-12-13T20:09:54.104+0100">
    <parentElement elementType="assign" elementName="Assign1" elementXPath="/process/sequence[1]/assign[2]"/>
    <newElement elementType="copy" elementName="" elementXPath="/process/sequence[1]/assign[2]/copy[1]"/>
  </modelChange>
  <modelChange xsi:type="bplog:StructuralChange" changeReason="ElementAdded" timestamp="2016-12-13T20:09:54.121+0100">
    <parentElement elementType="copy" elementName="" elementXPath="/process/sequence[1]/assign[2]/copy[1]"/>
    <newElement elementType="from" elementName=""/>
  </modelChange>
  <modelChange xsi:type="bplog:StructuralChange" changeReason="ElementAdded" timestamp="2016-12-13T20:09:54.137+0100">
    <parentElement elementType="copy" elementName="" elementXPath="/process/sequence[1]/assign[2]/copy[1]"/>
    <newElement elementType="to" elementName=""/>
  </modelChange>
  <modelChange xsi:type="bplog:ValueChange" changeReason="AttributeChanged" timestamp="2016-12-13T20:10:13.134+0100">
    <containingElement elementType="from" elementName="" elementXPath="/process/sequence[1]/assign[2]/copy[1]/from[1]"/>
    <attribute attributeName="variable" oldValue=""/>
  </modelChange>
  <modelChange xsi:type="bplog:ValueChange" changeReason="AttributeChanged" timestamp="2016-12-13T20:10:13.134+0100">
    <containingElement elementType="from" elementName="" elementXPath="/process/sequence[1]/assign[2]/copy[1]/from[1]"/>
    <attribute attributeName="part" oldValue=""/>
  </modelChange>
  <modelChange xsi:type="bplog:ValueChange" changeReason="AttributeChanged" timestamp="2016-12-13T20:10:13.135+0100">
    <containingElement elementType="from" elementName="" elementXPath="/process/sequence[1]/assign[2]/copy[1]/from[1]"/>
    <attribute attributeName="property" oldValue=""/>
  </modelChange>
  <modelChange xsi:type="bplog:ValueChange" changeReason="AttributeChanged" timestamp="2016-12-13T20:10:13.136+0100">
    <containingElement elementType="from" elementName="" elementXPath="/process/sequence[1]/assign[2]/copy[1]/from[1]"/>
    <attribute attributeName="part" oldValue="" newValue="checkAvailabilityOutput"/>
  </modelChange>
  <modelChange xsi:type="bplog:ValueChange" changeReason="AttributeChanged" timestamp="2016-12-13T20:10:13.139+0100">
    <containingElement elementType="from" elementName="" elementXPath="/process/sequence[1]/assign[2]/copy[1]/from[1]"/>
    <attribute attributeName="variable" oldValue="" newValue="InventoryServicePLResponse"/>
  </modelChange>
  <modelChange xsi:type="bplog:ValueChange" changeReason="AttributeChanged" timestamp="2016-12-13T20:10:16.435+0100">
    <containingElement elementType="to" elementName=""/>
    <attribute attributeName="variable" oldValue=""/>
  </modelChange>
  <modelChange xsi:type="bplog:ValueChange" changeReason="AttributeChanged" timestamp="2016-12-13T20:10:16.435+0100">
    <containingElement elementType="to" elementName=""/>
    <attribute attributeName="part" oldValue=""/>
  </modelChange>
  <modelChange xsi:type="bplog:ValueChange" changeReason="AttributeChanged" timestamp="2016-12-13T20:10:16.436+0100">
    <containingElement elementType="to" elementName=""/>
    <attribute attributeName="property" oldValue=""/>
  </modelChange>
  <modelChange xsi:type="bplog:ValueChange" changeReason="AttributeChanged" timestamp="2016-12-13T20:10:16.437+0100">
    <containingElement elementType="to" elementName=""/>
    <attribute attributeName="part" oldValue="" newValue="payload"/>
  </modelChange>
  <modelChange xsi:type="bplog:ValueChange" changeReason="AttributeChanged" timestamp="2016-12-13T20:10:16.440+0100">
    <containingElement elementType="to" elementName=""/>
    <attribute attributeName="variable" oldValue="" newValue="output"/>
  </modelChange>
  <modelChange xsi:type="bplog:StructuralChange" changeReason="ElementAdded" timestamp="2016-12-13T20:10:17.731+0100">
    <parentElement elementType="assign" elementName="Assign1" elementXPath="/process/sequence[1]/assign[2]"/>
    <newElement elementType="copy" elementName="" elementXPath="/process/sequence[1]/assign[2]/copy[1]"/>
  </modelChange>
  <modelChange xsi:type="bplog:StructuralChange" changeReason="ElementAdded" timestamp="2016-12-13T20:10:17.737+0100">
    <parentElement elementType="copy" elementName="" elementXPath="/process/sequence[1]/assign[2]/copy[1]"/>
    <newElement elementType="from" elementName=""/>
  </modelChange>
  <modelChange xsi:type="bplog:StructuralChange" changeReason="ElementAdded" timestamp="2016-12-13T20:10:17.743+0100">
    <parentElement elementType="copy" elementName="" elementXPath="/process/sequence[1]/assign[2]/copy[1]"/>
    <newElement elementType="to" elementName=""/>
  </modelChange>
  <modelChange xsi:type="bplog:StructuralChange" changeReason="ElementRemoved" timestamp="2016-12-13T20:10:17.753+0100">
    <parentElement elementType="copy" elementName="" elementXPath="/process/sequence[1]/assign[2]/copy[1]"/>
    <oldElement elementType="from" elementName="" elementXPath="/process/sequence[1]/assign[2]/copy[1]/from[1]"/>
  </modelChange>
  <modelChange xsi:type="bplog:StructuralChange" changeReason="ElementAdded" timestamp="2016-12-13T20:10:17.753+0100">
    <parentElement elementType="copy" elementName="" elementXPath="/process/sequence[1]/assign[2]/copy[1]"/>
    <newElement elementType="from" elementName=""/>
  </modelChange>
  <modelChange xsi:type="bplog:StructuralChange" changeReason="ElementRemoved" timestamp="2016-12-13T20:10:17.760+0100">
    <parentElement elementType="copy" elementName="" elementXPath="/process/sequence[1]/assign[2]/copy[1]"/>
    <oldElement elementType="to" elementName="" elementXPath="/process/sequence[1]/assign[2]/copy[1]/to[1]"/>
  </modelChange>
  <modelChange xsi:type="bplog:StructuralChange" changeReason="ElementAdded" timestamp="2016-12-13T20:10:17.760+0100">
    <parentElement elementType="copy" elementName="" elementXPath="/process/sequence[1]/assign[2]/copy[1]"/>
    <newElement elementType="to" elementName=""/>
  </modelChange>
  <modelChange xsi:type="bplog:StructuralChange" changeReason="ElementAdded" timestamp="2016-12-13T20:12:51.050+0100">
    <parentElement elementType="sequence" elementName="main" elementXPath="/process/sequence[1]"/>
    <newElement elementType="forEach" elementName="" elementXPath="/process/sequence[1]/forEach[1]"/>
  </modelChange>
  <modelChange xsi:type="bplog:StructuralChange" changeReason="ElementAdded" timestamp="2016-12-13T20:12:51.050+0100">
    <parentElement elementType="forEach" elementName="" elementXPath="/process/sequence[1]/forEach[1]"/>
    <newElement elementType="VariableImpl" elementXPath="null/variables[1]/variable[1]"/>
  </modelChange>
  <modelChange xsi:type="bplog:StructuralChange" changeReason="ElementAdded" timestamp="2016-12-13T20:12:51.050+0100">
    <parentElement elementType="forEach" elementName="" elementXPath="/process/sequence[1]/forEach[1]"/>
    <newElement elementType="ScopeImpl"/>
  </modelChange>
  <modelChange xsi:type="bplog:ValueChange" changeReason="AttributeChanged" timestamp="2016-12-13T20:12:51.071+0100">
    <containingElement elementType="forEach" elementName="" elementXPath="/process/sequence[1]/forEach[1]"/>
    <attribute attributeName="name" oldValue="" newValue="ForEach"/>
  </modelChange>
  <modelChange xsi:type="bplog:ValueChange" changeReason="AttributeChanged" timestamp="2016-12-13T20:12:58.721+0100">
    <containingElement elementType="forEach" elementName="ForEach" elementXPath="/process/sequence[1]/forEach[1]"/>
    <attribute attributeName="name" oldValue="ForEach" newValue="ForEachProduct"/>
  </modelChange>
  <modelChange xsi:type="bplog:ValueChange" changeReason="AttributeChanged" timestamp="2016-12-13T20:13:13.920+0100">
    <containingElement elementType="invoke" elementName="Invoke" elementXPath="/process/sequence[1]/invoke[1]"/>
    <attribute attributeName="name" oldValue="Invoke" newValue="checkAvailability"/>
  </modelChange>
  <modelChange xsi:type="bplog:StructuralChange" changeReason="ElementRemoved" timestamp="2016-12-13T20:13:24.418+0100">
    <parentElement elementType="sequence" elementName="main" elementXPath="/process/sequence[1]"/>
    <oldElement elementType="assign" elementName="Assign" elementXPath="/process/sequence[1]/assign[1]"/>
  </modelChange>
  <modelChange xsi:type="bplog:StructuralChange" changeReason="ElementRemoved" timestamp="2016-12-13T20:13:24.418+0100">
    <parentElement elementType="assign" elementName="Assign" elementXPath="/process/sequence[1]/assign[1]"/>
    <oldElement elementType="copy" elementName="" elementXPath="/process/sequence[1]/assign[1]/copy[1]"/>
  </modelChange>
  <modelChange xsi:type="bplog:StructuralChange" changeReason="ElementRemoved" timestamp="2016-12-13T20:13:24.418+0100">
    <parentElement elementType="copy" elementName="" elementXPath="/process/sequence[1]/assign[1]/copy[1]"/>
    <oldElement elementType="to" elementName=""/>
  </modelChange>
  <modelChange xsi:type="bplog:StructuralChange" changeReason="ElementRemoved" timestamp="2016-12-13T20:13:24.420+0100">
    <parentElement elementType="copy" elementName="" elementXPath="/process/sequence[1]/assign[1]/copy[1]"/>
    <oldElement elementType="from" elementName="" elementXPath="/process/sequence[1]/assign[1]/copy[1]/from[1]"/>
  </modelChange>
  <modelChange xsi:type="bplog:StructuralChange" changeReason="ElementRemoved" timestamp="2016-12-13T20:13:24.422+0100">
    <parentElement elementType="assign" elementName="Assign" elementXPath="/process/sequence[1]/assign[1]"/>
    <oldElement elementType="copy" elementName="" elementXPath="/process/sequence[1]/assign[1]/copy[2]"/>
  </modelChange>
  <modelChange xsi:type="bplog:StructuralChange" changeReason="ElementRemoved" timestamp="2016-12-13T20:13:24.422+0100">
    <parentElement elementType="copy" elementName="" elementXPath="/process/sequence[1]/assign[1]/copy[2]"/>
    <oldElement elementType="to" elementName="" elementXPath="/process/sequence[1]/assign[1]/copy[1]/to[1]"/>
  </modelChange>
  <modelChange xsi:type="bplog:StructuralChange" changeReason="ElementRemoved" timestamp="2016-12-13T20:13:24.424+0100">
    <parentElement elementType="copy" elementName="" elementXPath="/process/sequence[1]/assign[1]/copy[2]"/>
    <oldElement elementType="from" elementName="" elementXPath="/process/sequence[1]/assign[1]/copy[1]/from[1]"/>
  </modelChange>
  <modelChange xsi:type="bplog:StructuralChange" changeReason="ElementAdded" timestamp="2016-12-13T20:13:24.465+0100">
    <parentElement elementType="sequence" elementName="main" elementXPath="/process/sequence[1]"/>
    <newElement elementType="assign" elementName="Assign" elementXPath="/process/sequence[1]/assign[1]"/>
  </modelChange>
  <modelChange xsi:type="bplog:StructuralChange" changeReason="ElementAdded" timestamp="2016-12-13T20:13:24.469+0100">
    <parentElement elementType="assign" elementName="Assign" elementXPath="/process/sequence[1]/assign[1]"/>
    <newElement elementType="copy" elementName="" elementXPath="/process/sequence[1]/assign[1]/copy[1]"/>
  </modelChange>
  <modelChange xsi:type="bplog:StructuralChange" changeReason="ElementAdded" timestamp="2016-12-13T20:13:24.469+0100">
    <parentElement elementType="copy" elementName="" elementXPath="/process/sequence[1]/assign[1]/copy[1]"/>
    <newElement elementType="to" elementName=""/>
  </modelChange>
  <modelChange xsi:type="bplog:StructuralChange" changeReason="ElementAdded" timestamp="2016-12-13T20:13:24.469+0100">
    <parentElement elementType="copy" elementName="" elementXPath="/process/sequence[1]/assign[1]/copy[1]"/>
    <newElement elementType="from" elementName="" elementXPath="/process/sequence[1]/assign[1]/copy[1]/from[1]"/>
  </modelChange>
  <modelChange xsi:type="bplog:StructuralChange" changeReason="ElementAdded" timestamp="2016-12-13T20:13:24.469+0100">
    <parentElement elementType="assign" elementName="Assign" elementXPath="/process/sequence[1]/assign[1]"/>
    <newElement elementType="copy" elementName="" elementXPath="/process/sequence[1]/assign[1]/copy[2]"/>
  </modelChange>
  <modelChange xsi:type="bplog:StructuralChange" changeReason="ElementAdded" timestamp="2016-12-13T20:13:24.470+0100">
    <parentElement elementType="copy" elementName="" elementXPath="/process/sequence[1]/assign[1]/copy[2]"/>
    <newElement elementType="to" elementName="" elementXPath="/process/sequence[1]/assign[1]/copy[1]/to[1]"/>
  </modelChange>
  <modelChange xsi:type="bplog:StructuralChange" changeReason="ElementAdded" timestamp="2016-12-13T20:13:24.470+0100">
    <parentElement elementType="copy" elementName="" elementXPath="/process/sequence[1]/assign[1]/copy[2]"/>
    <newElement elementType="from" elementName="" elementXPath="/process/sequence[1]/assign[1]/copy[1]/from[1]"/>
  </modelChange>
  <modelChange xsi:type="bplog:StructuralChange" changeReason="ElementAdded" timestamp="2016-12-13T20:13:39.712+0100">
    <parentElement elementType="scope" elementName="" elementXPath="/process/sequence[1]/forEach[1]/scope[1]"/>
    <newElement elementType="sequence" elementName=""/>
  </modelChange>
  <modelChange xsi:type="bplog:ValueChange" changeReason="AttributeChanged" timestamp="2016-12-13T20:13:39.715+0100">
    <containingElement elementType="sequence" elementName="" elementXPath="/process/sequence[1]/forEach[1]/scope[1]/sequence[1]"/>
    <attribute attributeName="name" oldValue="" newValue="Sequence"/>
  </modelChange>
  <modelChange xsi:type="bplog:StructuralChange" changeReason="ElementRemoved" timestamp="2016-12-13T20:13:43.501+0100">
    <parentElement elementType="sequence" elementName="main" elementXPath="/process/sequence[1]"/>
    <oldElement elementType="assign" elementName="Assign" elementXPath="/process/sequence[1]/assign[1]"/>
  </modelChange>
  <modelChange xsi:type="bplog:StructuralChange" changeReason="ElementRemoved" timestamp="2016-12-13T20:13:43.501+0100">
    <parentElement elementType="assign" elementName="Assign" elementXPath="/process/sequence[1]/assign[1]"/>
    <oldElement elementType="copy" elementName="" elementXPath="/process/sequence[1]/assign[1]/copy[1]"/>
  </modelChange>
  <modelChange xsi:type="bplog:StructuralChange" changeReason="ElementRemoved" timestamp="2016-12-13T20:13:43.502+0100">
    <parentElement elementType="copy" elementName="" elementXPath="/process/sequence[1]/assign[1]/copy[1]"/>
    <oldElement elementType="to" elementName=""/>
  </modelChange>
  <modelChange xsi:type="bplog:StructuralChange" changeReason="ElementRemoved" timestamp="2016-12-13T20:13:43.503+0100">
    <parentElement elementType="copy" elementName="" elementXPath="/process/sequence[1]/assign[1]/copy[1]"/>
    <oldElement elementType="from" elementName="" elementXPath="/process/sequence[1]/assign[1]/copy[1]/from[1]"/>
  </modelChange>
  <modelChange xsi:type="bplog:StructuralChange" changeReason="ElementRemoved" timestamp="2016-12-13T20:13:43.504+0100">
    <parentElement elementType="assign" elementName="Assign" elementXPath="/process/sequence[1]/assign[1]"/>
    <oldElement elementType="copy" elementName="" elementXPath="/process/sequence[1]/assign[1]/copy[2]"/>
  </modelChange>
  <modelChange xsi:type="bplog:StructuralChange" changeReason="ElementRemoved" timestamp="2016-12-13T20:13:43.504+0100">
    <parentElement elementType="copy" elementName="" elementXPath="/process/sequence[1]/assign[1]/copy[2]"/>
    <oldElement elementType="to" elementName="" elementXPath="/process/sequence[1]/assign[1]/copy[1]/to[1]"/>
  </modelChange>
  <modelChange xsi:type="bplog:StructuralChange" changeReason="ElementRemoved" timestamp="2016-12-13T20:13:43.504+0100">
    <parentElement elementType="copy" elementName="" elementXPath="/process/sequence[1]/assign[1]/copy[2]"/>
    <oldElement elementType="from" elementName="" elementXPath="/process/sequence[1]/assign[1]/copy[1]/from[1]"/>
  </modelChange>
  <modelChange xsi:type="bplog:StructuralChange" changeReason="ElementAdded" timestamp="2016-12-13T20:13:43.544+0100">
    <parentElement elementType="sequence" elementName="Sequence" elementXPath="/process/sequence[1]/forEach[1]/scope[1]/sequence[1]"/>
    <newElement elementType="assign" elementName="Assign" elementXPath="/process/sequence[1]/forEach[1]/scope[1]/sequence[1]/assign[1]"/>
  </modelChange>
  <modelChange xsi:type="bplog:StructuralChange" changeReason="ElementAdded" timestamp="2016-12-13T20:13:43.544+0100">
    <parentElement elementType="assign" elementName="Assign" elementXPath="/process/sequence[1]/forEach[1]/scope[1]/sequence[1]/assign[1]"/>
    <newElement elementType="copy" elementName="" elementXPath="/process/sequence[1]/assign[1]/copy[1]"/>
  </modelChange>
  <modelChange xsi:type="bplog:StructuralChange" changeReason="ElementAdded" timestamp="2016-12-13T20:13:43.544+0100">
    <parentElement elementType="copy" elementName="" elementXPath="/process/sequence[1]/assign[1]/copy[1]"/>
    <newElement elementType="to" elementName=""/>
  </modelChange>
  <modelChange xsi:type="bplog:StructuralChange" changeReason="ElementAdded" timestamp="2016-12-13T20:13:43.544+0100">
    <parentElement elementType="copy" elementName="" elementXPath="/process/sequence[1]/assign[1]/copy[1]"/>
    <newElement elementType="from" elementName="" elementXPath="/process/sequence[1]/assign[1]/copy[1]/from[1]"/>
  </modelChange>
  <modelChange xsi:type="bplog:StructuralChange" changeReason="ElementAdded" timestamp="2016-12-13T20:13:43.544+0100">
    <parentElement elementType="assign" elementName="Assign" elementXPath="/process/sequence[1]/forEach[1]/scope[1]/sequence[1]/assign[1]"/>
    <newElement elementType="copy" elementName="" elementXPath="/process/sequence[1]/assign[1]/copy[2]"/>
  </modelChange>
  <modelChange xsi:type="bplog:StructuralChange" changeReason="ElementAdded" timestamp="2016-12-13T20:13:43.544+0100">
    <parentElement elementType="copy" elementName="" elementXPath="/process/sequence[1]/assign[1]/copy[2]"/>
    <newElement elementType="to" elementName="" elementXPath="/process/sequence[1]/assign[1]/copy[1]/to[1]"/>
  </modelChange>
  <modelChange xsi:type="bplog:StructuralChange" changeReason="ElementAdded" timestamp="2016-12-13T20:13:43.544+0100">
    <parentElement elementType="copy" elementName="" elementXPath="/process/sequence[1]/assign[1]/copy[2]"/>
    <newElement elementType="from" elementName="" elementXPath="/process/sequence[1]/assign[1]/copy[1]/from[1]"/>
  </modelChange>
  <modelChange xsi:type="bplog:StructuralChange" changeReason="ElementRemoved" timestamp="2016-12-13T20:13:45.567+0100">
    <parentElement elementType="sequence" elementName="main" elementXPath="/process/sequence[1]"/>
    <oldElement elementType="invoke" elementName="checkAvailability" elementXPath="/process/sequence[1]/invoke[1]"/>
  </modelChange>
  <modelChange xsi:type="bplog:StructuralChange" changeReason="ElementAdded" timestamp="2016-12-13T20:13:45.606+0100">
    <parentElement elementType="sequence" elementName="Sequence" elementXPath="/process/sequence[1]/forEach[1]/scope[1]/sequence[1]"/>
    <newElement elementType="invoke" elementName="checkAvailability" elementXPath="/process/sequence[1]/forEach[1]/scope[1]/sequence[1]/invoke[1]"/>
  </modelChange>
  <modelChange xsi:type="bplog:StructuralChange" changeReason="ElementAdded" timestamp="2016-12-13T20:13:56.884+0100">
    <parentElement elementType="forEach" elementName="ForEachProduct" elementXPath="/process/sequence[1]/forEach[1]"/>
    <newElement elementType="completionCondition" elementName=""/>
  </modelChange>
  <modelChange xsi:type="bplog:ValueChange" changeReason="AttributeChanged" timestamp="2016-12-13T20:15:14.694+0100">
    <containingElement elementType="from" elementName="" elementXPath="/process/sequence[1]/forEach[1]/scope[1]/sequence[1]/assign[1]/copy[2]/from[1]"/>
    <attribute attributeName="variable" oldValue="input"/>
  </modelChange>
  <modelChange xsi:type="bplog:ValueChange" changeReason="AttributeChanged" timestamp="2016-12-13T20:15:14.701+0100">
    <containingElement elementType="from" elementName="" elementXPath="/process/sequence[1]/forEach[1]/scope[1]/sequence[1]/assign[1]/copy[2]/from[1]"/>
    <attribute attributeName="part" oldValue="payload"/>
  </modelChange>
  <modelChange xsi:type="bplog:ValueChange" changeReason="AttributeChanged" timestamp="2016-12-13T20:15:14.705+0100">
    <containingElement elementType="from" elementName="" elementXPath="/process/sequence[1]/forEach[1]/scope[1]/sequence[1]/assign[1]/copy[2]/from[1]"/>
    <attribute attributeName="property" oldValue=""/>
  </modelChange>
  <modelChange xsi:type="bplog:ValueChange" changeReason="AttributeChanged" timestamp="2016-12-13T20:15:14.711+0100">
    <containingElement elementType="from" elementName="" elementXPath="/process/sequence[1]/forEach[1]/scope[1]/sequence[1]/assign[1]/copy[2]/from[1]"/>
    <attribute attributeName="part" oldValue="" newValue="payload"/>
  </modelChange>
  <modelChange xsi:type="bplog:ValueChange" changeReason="AttributeChanged" timestamp="2016-12-13T20:15:14.714+0100">
    <containingElement elementType="from" elementName="" elementXPath="/process/sequence[1]/forEach[1]/scope[1]/sequence[1]/assign[1]/copy[2]/from[1]"/>
    <attribute attributeName="variable" oldValue="" newValue="input"/>
  </modelChange>
  <modelChange xsi:type="bplog:ValueChange" changeReason="AttributeChanged" timestamp="2016-12-13T20:15:18.168+0100">
    <containingElement elementType="to" elementName="" elementXPath="/process/sequence[1]/forEach[1]/scope[1]/sequence[1]/assign[1]/copy[2]/to[1]"/>
    <attribute attributeName="variable" oldValue="InventoryServicePLRequest"/>
  </modelChange>
  <modelChange xsi:type="bplog:ValueChange" changeReason="AttributeChanged" timestamp="2016-12-13T20:15:18.172+0100">
    <containingElement elementType="to" elementName="" elementXPath="/process/sequence[1]/forEach[1]/scope[1]/sequence[1]/assign[1]/copy[2]/to[1]"/>
    <attribute attributeName="part" oldValue="checkAvailabilityInput"/>
  </modelChange>
  <modelChange xsi:type="bplog:ValueChange" changeReason="AttributeChanged" timestamp="2016-12-13T20:15:18.176+0100">
    <containingElement elementType="to" elementName="" elementXPath="/process/sequence[1]/forEach[1]/scope[1]/sequence[1]/assign[1]/copy[2]/to[1]"/>
    <attribute attributeName="property" oldValue=""/>
  </modelChange>
  <modelChange xsi:type="bplog:ValueChange" changeReason="AttributeChanged" timestamp="2016-12-13T20:15:18.181+0100">
    <containingElement elementType="to" elementName="" elementXPath="/process/sequence[1]/forEach[1]/scope[1]/sequence[1]/assign[1]/copy[2]/to[1]"/>
    <attribute attributeName="part" oldValue="" newValue="checkAvailabilityInput"/>
  </modelChange>
  <modelChange xsi:type="bplog:ValueChange" changeReason="AttributeChanged" timestamp="2016-12-13T20:15:18.184+0100">
    <containingElement elementType="to" elementName="" elementXPath="/process/sequence[1]/forEach[1]/scope[1]/sequence[1]/assign[1]/copy[2]/to[1]"/>
    <attribute attributeName="variable" oldValue="" newValue="InventoryServicePLRequest"/>
  </modelChange>
  <modelChange xsi:type="bplog:ValueChange" changeReason="AttributeChanged" timestamp="2016-12-13T20:15:22.001+0100">
    <containingElement elementType="from" elementName="" elementXPath="/process/sequence[1]/forEach[1]/scope[1]/sequence[1]/assign[1]/copy[2]/from[1]"/>
    <attribute attributeName="variable" oldValue="input"/>
  </modelChange>
  <modelChange xsi:type="bplog:ValueChange" changeReason="AttributeChanged" timestamp="2016-12-13T20:15:22.008+0100">
    <containingElement elementType="from" elementName="" elementXPath="/process/sequence[1]/forEach[1]/scope[1]/sequence[1]/assign[1]/copy[2]/from[1]"/>
    <attribute attributeName="part" oldValue="payload"/>
  </modelChange>
  <modelChange xsi:type="bplog:ValueChange" changeReason="AttributeChanged" timestamp="2016-12-13T20:15:22.012+0100">
    <containingElement elementType="from" elementName="" elementXPath="/process/sequence[1]/forEach[1]/scope[1]/sequence[1]/assign[1]/copy[2]/from[1]"/>
    <attribute attributeName="property" oldValue=""/>
  </modelChange>
  <modelChange xsi:type="bplog:ValueChange" changeReason="AttributeChanged" timestamp="2016-12-13T20:15:22.018+0100">
    <containingElement elementType="from" elementName="" elementXPath="/process/sequence[1]/forEach[1]/scope[1]/sequence[1]/assign[1]/copy[2]/from[1]"/>
    <attribute attributeName="part" oldValue="" newValue="payload"/>
  </modelChange>
  <modelChange xsi:type="bplog:ValueChange" changeReason="AttributeChanged" timestamp="2016-12-13T20:15:22.022+0100">
    <containingElement elementType="from" elementName="" elementXPath="/process/sequence[1]/forEach[1]/scope[1]/sequence[1]/assign[1]/copy[2]/from[1]"/>
    <attribute attributeName="variable" oldValue="" newValue="input"/>
  </modelChange>
  <modelChange xsi:type="bplog:StructuralChange" changeReason="ElementRemoved" timestamp="2016-12-13T20:15:35.027+0100">
    <parentElement elementType="sequence" elementName="main" elementXPath="/process/sequence[1]"/>
    <oldElement elementType="assign" elementName="Assign1" elementXPath="/process/sequence[1]/assign[1]"/>
  </modelChange>
  <modelChange xsi:type="bplog:StructuralChange" changeReason="ElementRemoved" timestamp="2016-12-13T20:15:35.027+0100">
    <parentElement elementType="assign" elementName="Assign1" elementXPath="/process/sequence[1]/assign[1]"/>
    <oldElement elementType="copy" elementName="" elementXPath="/process/sequence[1]/assign[2]/copy[1]"/>
  </modelChange>
  <modelChange xsi:type="bplog:StructuralChange" changeReason="ElementRemoved" timestamp="2016-12-13T20:15:35.027+0100">
    <parentElement elementType="copy" elementName="" elementXPath="/process/sequence[1]/assign[2]/copy[1]"/>
    <oldElement elementType="to" elementName=""/>
  </modelChange>
  <modelChange xsi:type="bplog:StructuralChange" changeReason="ElementRemoved" timestamp="2016-12-13T20:15:35.027+0100">
    <parentElement elementType="copy" elementName="" elementXPath="/process/sequence[1]/assign[2]/copy[1]"/>
    <oldElement elementType="from" elementName="" elementXPath="/process/sequence[1]/assign[2]/copy[1]/from[1]"/>
  </modelChange>
  <modelChange xsi:type="bplog:StructuralChange" changeReason="ElementRemoved" timestamp="2016-12-13T20:15:35.029+0100">
    <parentElement elementType="assign" elementName="Assign1" elementXPath="/process/sequence[1]/assign[1]"/>
    <oldElement elementType="copy" elementName="" elementXPath="/process/sequence[1]/assign[2]/copy[2]"/>
  </modelChange>
  <modelChange xsi:type="bplog:StructuralChange" changeReason="ElementRemoved" timestamp="2016-12-13T20:15:35.030+0100">
    <parentElement elementType="copy" elementName="" elementXPath="/process/sequence[1]/assign[2]/copy[2]"/>
    <oldElement elementType="to" elementName="" elementXPath="/process/sequence[1]/assign[2]/copy[1]/to[1]"/>
  </modelChange>
  <modelChange xsi:type="bplog:StructuralChange" changeReason="ElementRemoved" timestamp="2016-12-13T20:15:35.032+0100">
    <parentElement elementType="copy" elementName="" elementXPath="/process/sequence[1]/assign[2]/copy[2]"/>
    <oldElement elementType="from" elementName="" elementXPath="/process/sequence[1]/assign[2]/copy[1]/from[1]"/>
  </modelChange>
  <modelChange xsi:type="bplog:StructuralChange" changeReason="ElementAdded" timestamp="2016-12-13T20:15:35.066+0100">
    <parentElement elementType="sequence" elementName="Sequence" elementXPath="/process/sequence[1]/forEach[1]/scope[1]/sequence[1]"/>
    <newElement elementType="assign" elementName="Assign1" elementXPath="/process/sequence[1]/forEach[1]/scope[1]/sequence[1]/assign[2]"/>
  </modelChange>
  <modelChange xsi:type="bplog:StructuralChange" changeReason="ElementAdded" timestamp="2016-12-13T20:15:35.066+0100">
    <parentElement elementType="assign" elementName="Assign1" elementXPath="/process/sequence[1]/forEach[1]/scope[1]/sequence[1]/assign[2]"/>
    <newElement elementType="copy" elementName="" elementXPath="/process/sequence[1]/assign[2]/copy[1]"/>
  </modelChange>
  <modelChange xsi:type="bplog:StructuralChange" changeReason="ElementAdded" timestamp="2016-12-13T20:15:35.066+0100">
    <parentElement elementType="copy" elementName="" elementXPath="/process/sequence[1]/assign[2]/copy[1]"/>
    <newElement elementType="to" elementName=""/>
  </modelChange>
  <modelChange xsi:type="bplog:StructuralChange" changeReason="ElementAdded" timestamp="2016-12-13T20:15:35.066+0100">
    <parentElement elementType="copy" elementName="" elementXPath="/process/sequence[1]/assign[2]/copy[1]"/>
    <newElement elementType="from" elementName="" elementXPath="/process/sequence[1]/assign[2]/copy[1]/from[1]"/>
  </modelChange>
  <modelChange xsi:type="bplog:StructuralChange" changeReason="ElementAdded" timestamp="2016-12-13T20:15:35.066+0100">
    <parentElement elementType="assign" elementName="Assign1" elementXPath="/process/sequence[1]/forEach[1]/scope[1]/sequence[1]/assign[2]"/>
    <newElement elementType="copy" elementName="" elementXPath="/process/sequence[1]/assign[2]/copy[2]"/>
  </modelChange>
  <modelChange xsi:type="bplog:StructuralChange" changeReason="ElementAdded" timestamp="2016-12-13T20:15:35.067+0100">
    <parentElement elementType="copy" elementName="" elementXPath="/process/sequence[1]/assign[2]/copy[2]"/>
    <newElement elementType="to" elementName="" elementXPath="/process/sequence[1]/assign[2]/copy[1]/to[1]"/>
  </modelChange>
  <modelChange xsi:type="bplog:StructuralChange" changeReason="ElementAdded" timestamp="2016-12-13T20:15:35.067+0100">
    <parentElement elementType="copy" elementName="" elementXPath="/process/sequence[1]/assign[2]/copy[2]"/>
    <newElement elementType="from" elementName="" elementXPath="/process/sequence[1]/assign[2]/copy[1]/from[1]"/>
  </modelChange>
  <modelChange xsi:type="bplog:ValueChange" changeReason="AttributeChanged" timestamp="2016-12-13T20:15:52.161+0100">
    <containingElement elementType="assign" elementName="Assign" elementXPath="/process/sequence[1]/forEach[1]/scope[1]/sequence[1]/assign[1]"/>
    <attribute attributeName="name" oldValue="Assign" newValue="AssignOrderID"/>
  </modelChange>
  <modelChange xsi:type="bplog:StructuralChange" changeReason="ElementRemoved" timestamp="2016-12-13T20:15:57.581+0100">
    <parentElement elementType="assign" elementName="Assign1" elementXPath="/process/sequence[1]/forEach[1]/scope[1]/sequence[1]/assign[2]"/>
    <oldElement elementType="copy" elementName="" elementXPath="/process/sequence[1]/forEach[1]/scope[1]/sequence[1]/assign[2]/copy[1]"/>
  </modelChange>
  <modelChange xsi:type="bplog:StructuralChange" changeReason="ElementRemoved" timestamp="2016-12-13T20:15:57.582+0100">
    <parentElement elementType="copy" elementName="" elementXPath="/process/sequence[1]/forEach[1]/scope[1]/sequence[1]/assign[2]/copy[1]"/>
    <oldElement elementType="to" elementName="" elementXPath="/process/sequence[1]/forEach[1]/scope[1]/sequence[1]/assign[2]/copy[1]/to[1]"/>
  </modelChange>
  <modelChange xsi:type="bplog:StructuralChange" changeReason="ElementRemoved" timestamp="2016-12-13T20:15:57.583+0100">
    <parentElement elementType="copy" elementName="" elementXPath="/process/sequence[1]/forEach[1]/scope[1]/sequence[1]/assign[2]/copy[1]"/>
    <oldElement elementType="from" elementName="" elementXPath="/process/sequence[1]/forEach[1]/scope[1]/sequence[1]/assign[2]/copy[1]/from[1]"/>
  </modelChange>
  <modelChange xsi:type="bplog:StructuralChange" changeReason="ElementRemoved" timestamp="2016-12-13T20:15:57.724+0100">
    <parentElement elementType="assign" elementName="Assign1" elementXPath="/process/sequence[1]/forEach[1]/scope[1]/sequence[1]/assign[2]"/>
    <oldElement elementType="copy" elementName="" elementXPath="/process/sequence[1]/forEach[1]/scope[1]/sequence[1]/assign[2]/copy[1]"/>
  </modelChange>
  <modelChange xsi:type="bplog:StructuralChange" changeReason="ElementRemoved" timestamp="2016-12-13T20:15:57.724+0100">
    <parentElement elementType="copy" elementName="" elementXPath="/process/sequence[1]/forEach[1]/scope[1]/sequence[1]/assign[2]/copy[1]"/>
    <oldElement elementType="to" elementName="" elementXPath="/process/sequence[1]/forEach[1]/scope[1]/sequence[1]/assign[2]/copy[2]/to[1]"/>
  </modelChange>
  <modelChange xsi:type="bplog:StructuralChange" changeReason="ElementRemoved" timestamp="2016-12-13T20:15:57.724+0100">
    <parentElement elementType="copy" elementName="" elementXPath="/process/sequence[1]/forEach[1]/scope[1]/sequence[1]/assign[2]/copy[1]"/>
    <oldElement elementType="from" elementName="" elementXPath="/process/sequence[1]/forEach[1]/scope[1]/sequence[1]/assign[2]/copy[2]/from[1]"/>
  </modelChange>
  <modelChange xsi:type="bplog:StructuralChange" changeReason="ElementAdded" timestamp="2016-12-13T20:15:58.472+0100">
    <parentElement elementType="assign" elementName="Assign1" elementXPath="/process/sequence[1]/forEach[1]/scope[1]/sequence[1]/assign[2]"/>
    <newElement elementType="copy" elementName="" elementXPath="/process/sequence[1]/forEach[1]/scope[1]/sequence[1]/assign[2]/copy[1]"/>
  </modelChange>
  <modelChange xsi:type="bplog:StructuralChange" changeReason="ElementAdded" timestamp="2016-12-13T20:15:58.478+0100">
    <parentElement elementType="copy" elementName="" elementXPath="/process/sequence[1]/forEach[1]/scope[1]/sequence[1]/assign[2]/copy[1]"/>
    <newElement elementType="from" elementName=""/>
  </modelChange>
  <modelChange xsi:type="bplog:StructuralChange" changeReason="ElementAdded" timestamp="2016-12-13T20:15:58.484+0100">
    <parentElement elementType="copy" elementName="" elementXPath="/process/sequence[1]/forEach[1]/scope[1]/sequence[1]/assign[2]/copy[1]"/>
    <newElement elementType="to" elementName=""/>
  </modelChange>
  <modelChange xsi:type="bplog:ValueChange" changeReason="AttributeChanged" timestamp="2016-12-13T20:16:10.346+0100">
    <containingElement elementType="from" elementName="" elementXPath="/process/sequence[1]/forEach[1]/scope[1]/sequence[1]/assign[2]/copy[1]/from[1]"/>
    <attribute attributeName="variable" oldValue=""/>
  </modelChange>
  <modelChange xsi:type="bplog:ValueChange" changeReason="AttributeChanged" timestamp="2016-12-13T20:16:10.346+0100">
    <containingElement elementType="from" elementName="" elementXPath="/process/sequence[1]/forEach[1]/scope[1]/sequence[1]/assign[2]/copy[1]/from[1]"/>
    <attribute attributeName="part" oldValue=""/>
  </modelChange>
  <modelChange xsi:type="bplog:ValueChange" changeReason="AttributeChanged" timestamp="2016-12-13T20:16:10.347+0100">
    <containingElement elementType="from" elementName="" elementXPath="/process/sequence[1]/forEach[1]/scope[1]/sequence[1]/assign[2]/copy[1]/from[1]"/>
    <attribute attributeName="property" oldValue=""/>
  </modelChange>
  <modelChange xsi:type="bplog:ValueChange" changeReason="AttributeChanged" timestamp="2016-12-13T20:16:10.347+0100">
    <containingElement elementType="from" elementName="" elementXPath="/process/sequence[1]/forEach[1]/scope[1]/sequence[1]/assign[2]/copy[1]/from[1]"/>
    <attribute attributeName="part" oldValue="" newValue="checkAvailabilityOutput"/>
  </modelChange>
  <modelChange xsi:type="bplog:ValueChange" changeReason="AttributeChanged" timestamp="2016-12-13T20:16:10.351+0100">
    <containingElement elementType="from" elementName="" elementXPath="/process/sequence[1]/forEach[1]/scope[1]/sequence[1]/assign[2]/copy[1]/from[1]"/>
    <attribute attributeName="variable" oldValue="" newValue="InventoryServicePLResponse"/>
  </modelChange>
  <modelChange xsi:type="bplog:ValueChange" changeReason="AttributeChanged" timestamp="2016-12-13T20:16:11.911+0100">
    <containingElement elementType="to" elementName=""/>
    <attribute attributeName="variable" oldValue=""/>
  </modelChange>
  <modelChange xsi:type="bplog:ValueChange" changeReason="AttributeChanged" timestamp="2016-12-13T20:16:11.911+0100">
    <containingElement elementType="to" elementName=""/>
    <attribute attributeName="part" oldValue=""/>
  </modelChange>
  <modelChange xsi:type="bplog:ValueChange" changeReason="AttributeChanged" timestamp="2016-12-13T20:16:11.912+0100">
    <containingElement elementType="to" elementName=""/>
    <attribute attributeName="property" oldValue=""/>
  </modelChange>
  <modelChange xsi:type="bplog:ValueChange" changeReason="AttributeChanged" timestamp="2016-12-13T20:16:11.913+0100">
    <containingElement elementType="to" elementName=""/>
    <attribute attributeName="part" oldValue="" newValue="payload"/>
  </modelChange>
  <modelChange xsi:type="bplog:ValueChange" changeReason="AttributeChanged" timestamp="2016-12-13T20:16:11.916+0100">
    <containingElement elementType="to" elementName=""/>
    <attribute attributeName="variable" oldValue="" newValue="output"/>
  </modelChange>
  <modelChange xsi:type="bplog:StructuralChange" changeReason="ElementAdded" timestamp="2016-12-13T20:16:13.227+0100">
    <parentElement elementType="assign" elementName="Assign1" elementXPath="/process/sequence[1]/forEach[1]/scope[1]/sequence[1]/assign[2]"/>
    <newElement elementType="copy" elementName="" elementXPath="/process/sequence[1]/forEach[1]/scope[1]/sequence[1]/assign[2]/copy[1]"/>
  </modelChange>
  <modelChange xsi:type="bplog:StructuralChange" changeReason="ElementAdded" timestamp="2016-12-13T20:16:13.233+0100">
    <parentElement elementType="copy" elementName="" elementXPath="/process/sequence[1]/forEach[1]/scope[1]/sequence[1]/assign[2]/copy[1]"/>
    <newElement elementType="from" elementName=""/>
  </modelChange>
  <modelChange xsi:type="bplog:StructuralChange" changeReason="ElementAdded" timestamp="2016-12-13T20:16:13.239+0100">
    <parentElement elementType="copy" elementName="" elementXPath="/process/sequence[1]/forEach[1]/scope[1]/sequence[1]/assign[2]/copy[1]"/>
    <newElement elementType="to" elementName=""/>
  </modelChange>
  <modelChange xsi:type="bplog:StructuralChange" changeReason="ElementRemoved" timestamp="2016-12-13T20:16:13.247+0100">
    <parentElement elementType="copy" elementName="" elementXPath="/process/sequence[1]/forEach[1]/scope[1]/sequence[1]/assign[2]/copy[1]"/>
    <oldElement elementType="from" elementName="" elementXPath="/process/sequence[1]/forEach[1]/scope[1]/sequence[1]/assign[2]/copy[1]/from[1]"/>
  </modelChange>
  <modelChange xsi:type="bplog:StructuralChange" changeReason="ElementAdded" timestamp="2016-12-13T20:16:13.247+0100">
    <parentElement elementType="copy" elementName="" elementXPath="/process/sequence[1]/forEach[1]/scope[1]/sequence[1]/assign[2]/copy[1]"/>
    <newElement elementType="from" elementName=""/>
  </modelChange>
  <modelChange xsi:type="bplog:StructuralChange" changeReason="ElementRemoved" timestamp="2016-12-13T20:16:13.254+0100">
    <parentElement elementType="copy" elementName="" elementXPath="/process/sequence[1]/forEach[1]/scope[1]/sequence[1]/assign[2]/copy[1]"/>
    <oldElement elementType="to" elementName="" elementXPath="/process/sequence[1]/forEach[1]/scope[1]/sequence[1]/assign[2]/copy[1]/to[1]"/>
  </modelChange>
  <modelChange xsi:type="bplog:StructuralChange" changeReason="ElementAdded" timestamp="2016-12-13T20:16:13.254+0100">
    <parentElement elementType="copy" elementName="" elementXPath="/process/sequence[1]/forEach[1]/scope[1]/sequence[1]/assign[2]/copy[1]"/>
    <newElement elementType="to" elementName=""/>
  </modelChange>
  <modelChange xsi:type="bplog:StructuralChange" changeReason="ElementRemoved" timestamp="2016-12-13T20:17:04.417+0100">
    <parentElement elementType="sequence" elementName="main" elementXPath="/process/sequence[1]"/>
    <oldElement elementType="reply" elementName="replyOutput" elementXPath="/process/sequence[1]/reply[1]"/>
  </modelChange>
  <modelChange xsi:type="bplog:StructuralChange" changeReason="ElementAdded" timestamp="2016-12-13T20:17:04.446+0100">
    <parentElement elementType="sequence" elementName="Sequence" elementXPath="/process/sequence[1]/forEach[1]/scope[1]/sequence[1]"/>
    <newElement elementType="reply" elementName="replyOutput" elementXPath="/process/sequence[1]/forEach[1]/scope[1]/sequence[1]/reply[1]"/>
  </modelChange>
  <modelChange xsi:type="bplog:StructuralChange" changeReason="ElementAdded" timestamp="2016-12-13T20:18:02.832+0100">
    <parentElement elementType="sequence" elementName="main" elementXPath="/process/sequence[1]"/>
    <newElement elementType="assign" elementName="" elementXPath="/process/sequence[1]/assign[1]"/>
  </modelChange>
  <modelChange xsi:type="bplog:ValueChange" changeReason="AttributeChanged" timestamp="2016-12-13T20:18:02.836+0100">
    <containingElement elementType="assign" elementName="" elementXPath="/process/sequence[1]/assign[1]"/>
    <attribute attributeName="name" oldValue="" newValue="Assign"/>
  </modelChange>
  <modelChange xsi:type="bplog:StructuralChange" changeReason="ElementRemoved" timestamp="2016-12-13T20:18:19.168+0100">
    <parentElement elementType="sequence" elementName="main" elementXPath="/process/sequence[1]"/>
    <oldElement elementType="assign" elementName="Assign" elementXPath="/process/sequence[1]/assign[1]"/>
  </modelChange>
  <modelChange xsi:type="bplog:StructuralChange" changeReason="ElementAdded" timestamp="2016-12-13T20:18:27.871+0100">
    <parentElement elementType="sequence" elementName="Sequence" elementXPath="/process/sequence[1]/forEach[1]/scope[1]/sequence[1]"/>
    <newElement elementType="reply" elementName="replyOutput" elementXPath="/process/sequence[1]/forEach[1]/scope[1]/sequence[1]/reply[1]"/>
  </modelChange>
  <modelChange xsi:type="bplog:ValueChange" changeReason="AttributeChanged" timestamp="2016-12-13T20:18:27.874+0100">
    <containingElement elementType="reply" elementName="replyOutput" elementXPath="/process/sequence[1]/forEach[1]/scope[1]/sequence[1]/reply[1]"/>
    <attribute attributeName="name" oldValue="replyOutput" newValue="ReplyOutput1"/>
  </modelChange>
  <modelChange xsi:type="bplog:StructuralChange" changeReason="ElementRemoved" timestamp="2016-12-13T20:18:30.939+0100">
    <parentElement elementType="sequence" elementName="Sequence" elementXPath="/process/sequence[1]/forEach[1]/scope[1]/sequence[1]"/>
    <oldElement elementType="reply" elementName="ReplyOutput1" elementXPath="/process/sequence[1]/forEach[1]/scope[1]/sequence[1]/reply[1]"/>
  </modelChange>
  <modelChange xsi:type="bplog:StructuralChange" changeReason="ElementAdded" timestamp="2016-12-13T20:18:30.968+0100">
    <parentElement elementType="sequence" elementName="main" elementXPath="/process/sequence[1]"/>
    <newElement elementType="reply" elementName="ReplyOutput1" elementXPath="/process/sequence[1]/reply[1]"/>
  </modelChange>
  <modelChange xsi:type="bplog:StructuralChange" changeReason="ElementRemoved" timestamp="2016-12-13T20:18:35.745+0100">
    <parentElement elementType="sequence" elementName="main" elementXPath="/process/sequence[1]"/>
    <oldElement elementType="reply" elementName="ReplyOutput1" elementXPath="/process/sequence[1]/reply[1]"/>
  </modelChange>
  <modelChange xsi:type="bplog:StructuralChange" changeReason="ElementAdded" timestamp="2016-12-13T20:18:35.774+0100">
    <parentElement elementType="sequence" elementName="main" elementXPath="/process/sequence[1]"/>
    <newElement elementType="reply" elementName="ReplyOutput1" elementXPath="/process/sequence[1]/reply[1]"/>
  </modelChange>
  <modelChange xsi:type="bplog:StructuralChange" changeReason="ElementRemoved" timestamp="2016-12-13T20:20:51.072+0100">
    <parentElement elementType="sequence" elementName="main" elementXPath="/process/sequence[1]"/>
    <oldElement elementType="reply" elementName="ReplyOutput1" elementXPath="/process/sequence[1]/reply[1]"/>
  </modelChange>
  <modelChange xsi:type="bplog:StructuralChange" changeReason="ElementAdded" timestamp="2016-12-13T20:21:53.515+0100">
    <parentElement elementType="sequence" elementName="Sequence" elementXPath="/process/sequence[1]/forEach[1]/scope[1]/sequence[1]"/>
    <newElement elementType="if" elementName="" elementXPath="/process/sequence[1]/forEach[1]/scope[1]/sequence[1]/if[1]"/>
  </modelChange>
  <modelChange xsi:type="bplog:ValueChange" changeReason="AttributeChanged" timestamp="2016-12-13T20:21:53.528+0100">
    <containingElement elementType="if" elementName="" elementXPath="/process/sequence[1]/forEach[1]/scope[1]/sequence[1]/if[1]"/>
    <attribute attributeName="name" oldValue="" newValue="If"/>
  </modelChange>
  <modelChange xsi:type="bplog:StructuralChange" changeReason="ElementRemoved" timestamp="2016-12-13T20:22:53.859+0100">
    <parentElement elementType="sequence" elementName="Sequence" elementXPath="/process/sequence[1]/forEach[1]/scope[1]/sequence[1]"/>
    <oldElement elementType="assign" elementName="Assign1" elementXPath="/process/sequence[1]/forEach[1]/scope[1]/sequence[1]/assign[2]"/>
  </modelChange>
  <modelChange xsi:type="bplog:StructuralChange" changeReason="ElementRemoved" timestamp="2016-12-13T20:22:53.859+0100">
    <parentElement elementType="assign" elementName="Assign1" elementXPath="/process/sequence[1]/forEach[1]/scope[1]/sequence[1]/assign[2]"/>
    <oldElement elementType="copy" elementName="" elementXPath="/process/sequence[1]/forEach[1]/scope[1]/sequence[1]/assign[2]/copy[1]"/>
  </modelChange>
  <modelChange xsi:type="bplog:StructuralChange" changeReason="ElementRemoved" timestamp="2016-12-13T20:22:53.859+0100">
    <parentElement elementType="copy" elementName="" elementXPath="/process/sequence[1]/forEach[1]/scope[1]/sequence[1]/assign[2]/copy[1]"/>
    <oldElement elementType="to" elementName=""/>
  </modelChange>
  <modelChange xsi:type="bplog:StructuralChange" changeReason="ElementRemoved" timestamp="2016-12-13T20:22:53.859+0100">
    <parentElement elementType="copy" elementName="" elementXPath="/process/sequence[1]/forEach[1]/scope[1]/sequence[1]/assign[2]/copy[1]"/>
    <oldElement elementType="from" elementName="" elementXPath="/process/sequence[1]/forEach[1]/scope[1]/sequence[1]/assign[2]/copy[1]/from[1]"/>
  </modelChange>
  <modelChange xsi:type="bplog:StructuralChange" changeReason="ElementRemoved" timestamp="2016-12-13T20:22:53.861+0100">
    <parentElement elementType="assign" elementName="Assign1" elementXPath="/process/sequence[1]/forEach[1]/scope[1]/sequence[1]/assign[2]"/>
    <oldElement elementType="copy" elementName="" elementXPath="/process/sequence[1]/forEach[1]/scope[1]/sequence[1]/assign[2]/copy[2]"/>
  </modelChange>
  <modelChange xsi:type="bplog:StructuralChange" changeReason="ElementRemoved" timestamp="2016-12-13T20:22:53.861+0100">
    <parentElement elementType="copy" elementName="" elementXPath="/process/sequence[1]/forEach[1]/scope[1]/sequence[1]/assign[2]/copy[2]"/>
    <oldElement elementType="to" elementName="" elementXPath="/process/sequence[1]/forEach[1]/scope[1]/sequence[1]/assign[2]/copy[1]/to[1]"/>
  </modelChange>
  <modelChange xsi:type="bplog:StructuralChange" changeReason="ElementRemoved" timestamp="2016-12-13T20:22:53.861+0100">
    <parentElement elementType="copy" elementName="" elementXPath="/process/sequence[1]/forEach[1]/scope[1]/sequence[1]/assign[2]/copy[2]"/>
    <oldElement elementType="from" elementName="" elementXPath="/process/sequence[1]/forEach[1]/scope[1]/sequence[1]/assign[2]/copy[1]/from[1]"/>
  </modelChange>
  <modelChange xsi:type="bplog:StructuralChange" changeReason="ElementAdded" timestamp="2016-12-13T20:22:53.902+0100">
    <parentElement elementType="if" elementName="If" elementXPath="/process/sequence[1]/forEach[1]/scope[1]/sequence[1]/if[1]"/>
    <newElement elementType="assign" elementName="Assign1" elementXPath="/process/sequence[1]/forEach[1]/scope[1]/sequence[1]/assign[2]"/>
  </modelChange>
  <modelChange xsi:type="bplog:StructuralChange" changeReason="ElementRemoved" timestamp="2016-12-13T20:22:55.813+0100">
    <parentElement elementType="sequence" elementName="Sequence" elementXPath="/process/sequence[1]/forEach[1]/scope[1]/sequence[1]"/>
    <oldElement elementType="reply" elementName="replyOutput" elementXPath="/process/sequence[1]/forEach[1]/scope[1]/sequence[1]/reply[1]"/>
  </modelChange>
  <modelChange xsi:type="bplog:StructuralChange" changeReason="ElementRemoved" timestamp="2016-12-13T20:22:55.850+0100">
    <parentElement elementType="if" elementName="If" elementXPath="/process/sequence[1]/forEach[1]/scope[1]/sequence[1]/if[1]"/>
    <oldElement elementType="assign" elementName="Assign1" elementXPath="/process/sequence[1]/forEach[1]/scope[1]/sequence[1]/if[1]/assign[1]"/>
  </modelChange>
  <modelChange xsi:type="bplog:StructuralChange" changeReason="ElementAdded" timestamp="2016-12-13T20:22:55.850+0100">
    <parentElement elementType="if" elementName="If" elementXPath="/process/sequence[1]/forEach[1]/scope[1]/sequence[1]/if[1]"/>
    <newElement elementType="sequence" elementName=""/>
  </modelChange>
  <modelChange xsi:type="bplog:StructuralChange" changeReason="ElementAdded" timestamp="2016-12-13T20:22:55.858+0100">
    <parentElement elementType="sequence" elementName=""/>
    <newElement elementType="assign" elementName="Assign1" elementXPath="/process/sequence[1]/forEach[1]/scope[1]/sequence[1]/if[1]/sequence[1]/assign[1]"/>
  </modelChange>
  <modelChange xsi:type="bplog:StructuralChange" changeReason="ElementAdded" timestamp="2016-12-13T20:22:55.858+0100">
    <parentElement elementType="assign" elementName="Assign1" elementXPath="/process/sequence[1]/forEach[1]/scope[1]/sequence[1]/if[1]/sequence[1]/assign[1]"/>
    <newElement elementType="copy" elementName="" elementXPath="/process/sequence[1]/forEach[1]/scope[1]/sequence[1]/if[1]/assign[1]/copy[1]"/>
  </modelChange>
  <modelChange xsi:type="bplog:StructuralChange" changeReason="ElementAdded" timestamp="2016-12-13T20:22:55.858+0100">
    <parentElement elementType="copy" elementName="" elementXPath="/process/sequence[1]/forEach[1]/scope[1]/sequence[1]/if[1]/assign[1]/copy[1]"/>
    <newElement elementType="to" elementName="" elementXPath="/process/sequence[1]/forEach[1]/scope[1]/sequence[1]/if[1]/assign[1]/copy[1]/to[1]"/>
  </modelChange>
  <modelChange xsi:type="bplog:StructuralChange" changeReason="ElementAdded" timestamp="2016-12-13T20:22:55.858+0100">
    <parentElement elementType="copy" elementName="" elementXPath="/process/sequence[1]/forEach[1]/scope[1]/sequence[1]/if[1]/assign[1]/copy[1]"/>
    <newElement elementType="from" elementName="" elementXPath="/process/sequence[1]/forEach[1]/scope[1]/sequence[1]/if[1]/assign[1]/copy[1]/from[1]"/>
  </modelChange>
  <modelChange xsi:type="bplog:StructuralChange" changeReason="ElementAdded" timestamp="2016-12-13T20:22:55.858+0100">
    <parentElement elementType="assign" elementName="Assign1" elementXPath="/process/sequence[1]/forEach[1]/scope[1]/sequence[1]/if[1]/sequence[1]/assign[1]"/>
    <newElement elementType="copy" elementName="" elementXPath="/process/sequence[1]/forEach[1]/scope[1]/sequence[1]/if[1]/assign[1]/copy[2]"/>
  </modelChange>
  <modelChange xsi:type="bplog:StructuralChange" changeReason="ElementAdded" timestamp="2016-12-13T20:22:55.858+0100">
    <parentElement elementType="copy" elementName="" elementXPath="/process/sequence[1]/forEach[1]/scope[1]/sequence[1]/if[1]/assign[1]/copy[2]"/>
    <newElement elementType="to" elementName="" elementXPath="/process/sequence[1]/forEach[1]/scope[1]/sequence[1]/if[1]/assign[1]/copy[2]/to[1]"/>
  </modelChange>
  <modelChange xsi:type="bplog:StructuralChange" changeReason="ElementAdded" timestamp="2016-12-13T20:22:55.858+0100">
    <parentElement elementType="copy" elementName="" elementXPath="/process/sequence[1]/forEach[1]/scope[1]/sequence[1]/if[1]/assign[1]/copy[2]"/>
    <newElement elementType="from" elementName="" elementXPath="/process/sequence[1]/forEach[1]/scope[1]/sequence[1]/if[1]/assign[1]/copy[2]/from[1]"/>
  </modelChange>
  <modelChange xsi:type="bplog:StructuralChange" changeReason="ElementAdded" timestamp="2016-12-13T20:22:55.863+0100">
    <parentElement elementType="sequence" elementName=""/>
    <newElement elementType="reply" elementName="replyOutput" elementXPath="/process/sequence[1]/forEach[1]/scope[1]/sequence[1]/if[1]/sequence[1]/reply[1]"/>
  </modelChange>
  <modelChange xsi:type="bplog:ValueChange" changeReason="AttributeChanged" timestamp="2016-12-13T20:23:06.865+0100">
    <containingElement elementType="forEach" elementName="ForEachProduct" elementXPath="/process/sequence[1]/forEach[1]"/>
    <attribute attributeName="counterName" oldValue="Counter" newValue="index"/>
  </modelChange>
  <modelChange xsi:type="bplog:ValueChange" changeReason="AttributeChanged" timestamp="2016-12-13T20:28:25.097+0100">
    <containingElement elementType="if" elementName="If" elementXPath="/process/sequence[1]/forEach[1]/scope[1]/sequence[1]/if[1]"/>
    <attribute attributeName="name" oldValue="If" newValue="IfExists"/>
  </modelChange>
  <modelChange xsi:type="bplog:StructuralChange" changeReason="ElementRemoved" timestamp="2016-12-13T20:29:45.012+0100">
    <parentElement elementType="sequence" elementName="" elementXPath="/process/sequence[1]/forEach[1]/scope[1]/sequence[1]/if[1]/sequence[1]"/>
    <oldElement elementType="assign" elementName="Assign1" elementXPath="/process/sequence[1]/forEach[1]/scope[1]/sequence[1]/if[1]/sequence[1]/assign[1]"/>
  </modelChange>
  <modelChange xsi:type="bplog:StructuralChange" changeReason="ElementRemoved" timestamp="2016-12-13T20:29:45.012+0100">
    <parentElement elementType="assign" elementName="Assign1" elementXPath="/process/sequence[1]/forEach[1]/scope[1]/sequence[1]/if[1]/sequence[1]/assign[1]"/>
    <oldElement elementType="copy" elementName="" elementXPath="/process/sequence[1]/forEach[1]/scope[1]/sequence[1]/if[1]/assign[1]/copy[1]"/>
  </modelChange>
  <modelChange xsi:type="bplog:StructuralChange" changeReason="ElementRemoved" timestamp="2016-12-13T20:29:45.014+0100">
    <parentElement elementType="copy" elementName="" elementXPath="/process/sequence[1]/forEach[1]/scope[1]/sequence[1]/if[1]/assign[1]/copy[1]"/>
    <oldElement elementType="to" elementName="" elementXPath="/process/sequence[1]/forEach[1]/scope[1]/sequence[1]/if[1]/assign[1]/copy[1]/to[1]"/>
  </modelChange>
  <modelChange xsi:type="bplog:StructuralChange" changeReason="ElementRemoved" timestamp="2016-12-13T20:29:45.014+0100">
    <parentElement elementType="copy" elementName="" elementXPath="/process/sequence[1]/forEach[1]/scope[1]/sequence[1]/if[1]/assign[1]/copy[1]"/>
    <oldElement elementType="from" elementName="" elementXPath="/process/sequence[1]/forEach[1]/scope[1]/sequence[1]/if[1]/assign[1]/copy[1]/from[1]"/>
  </modelChange>
  <modelChange xsi:type="bplog:StructuralChange" changeReason="ElementRemoved" timestamp="2016-12-13T20:29:45.014+0100">
    <parentElement elementType="assign" elementName="Assign1" elementXPath="/process/sequence[1]/forEach[1]/scope[1]/sequence[1]/if[1]/sequence[1]/assign[1]"/>
    <oldElement elementType="copy" elementName="" elementXPath="/process/sequence[1]/forEach[1]/scope[1]/sequence[1]/if[1]/assign[1]/copy[2]"/>
  </modelChange>
  <modelChange xsi:type="bplog:StructuralChange" changeReason="ElementRemoved" timestamp="2016-12-13T20:29:45.014+0100">
    <parentElement elementType="copy" elementName="" elementXPath="/process/sequence[1]/forEach[1]/scope[1]/sequence[1]/if[1]/assign[1]/copy[2]"/>
    <oldElement elementType="to" elementName="" elementXPath="/process/sequence[1]/forEach[1]/scope[1]/sequence[1]/if[1]/assign[1]/copy[2]/to[1]"/>
  </modelChange>
  <modelChange xsi:type="bplog:StructuralChange" changeReason="ElementRemoved" timestamp="2016-12-13T20:29:45.016+0100">
    <parentElement elementType="copy" elementName="" elementXPath="/process/sequence[1]/forEach[1]/scope[1]/sequence[1]/if[1]/assign[1]/copy[2]"/>
    <oldElement elementType="from" elementName="" elementXPath="/process/sequence[1]/forEach[1]/scope[1]/sequence[1]/if[1]/assign[1]/copy[2]/from[1]"/>
  </modelChange>
  <modelChange xsi:type="bplog:StructuralChange" changeReason="ElementAdded" timestamp="2016-12-13T20:29:45.061+0100">
    <parentElement elementType="sequence" elementName="main" elementXPath="/process/sequence[1]"/>
    <newElement elementType="assign" elementName="Assign1" elementXPath="/process/sequence[1]/assign[1]"/>
  </modelChange>
  <modelChange xsi:type="bplog:StructuralChange" changeReason="ElementAdded" timestamp="2016-12-13T20:29:45.061+0100">
    <parentElement elementType="assign" elementName="Assign1" elementXPath="/process/sequence[1]/assign[1]"/>
    <newElement elementType="copy" elementName="" elementXPath="/process/sequence[1]/forEach[1]/scope[1]/sequence[1]/if[1]/assign[1]/copy[1]"/>
  </modelChange>
  <modelChange xsi:type="bplog:StructuralChange" changeReason="ElementAdded" timestamp="2016-12-13T20:29:45.061+0100">
    <parentElement elementType="copy" elementName="" elementXPath="/process/sequence[1]/forEach[1]/scope[1]/sequence[1]/if[1]/assign[1]/copy[1]"/>
    <newElement elementType="to" elementName="" elementXPath="/process/sequence[1]/forEach[1]/scope[1]/sequence[1]/if[1]/assign[1]/copy[1]/to[1]"/>
  </modelChange>
  <modelChange xsi:type="bplog:StructuralChange" changeReason="ElementAdded" timestamp="2016-12-13T20:29:45.061+0100">
    <parentElement elementType="copy" elementName="" elementXPath="/process/sequence[1]/forEach[1]/scope[1]/sequence[1]/if[1]/assign[1]/copy[1]"/>
    <newElement elementType="from" elementName="" elementXPath="/process/sequence[1]/forEach[1]/scope[1]/sequence[1]/if[1]/assign[1]/copy[1]/from[1]"/>
  </modelChange>
  <modelChange xsi:type="bplog:StructuralChange" changeReason="ElementAdded" timestamp="2016-12-13T20:29:45.061+0100">
    <parentElement elementType="assign" elementName="Assign1" elementXPath="/process/sequence[1]/assign[1]"/>
    <newElement elementType="copy" elementName="" elementXPath="/process/sequence[1]/forEach[1]/scope[1]/sequence[1]/if[1]/assign[1]/copy[2]"/>
  </modelChange>
  <modelChange xsi:type="bplog:StructuralChange" changeReason="ElementAdded" timestamp="2016-12-13T20:29:45.061+0100">
    <parentElement elementType="copy" elementName="" elementXPath="/process/sequence[1]/forEach[1]/scope[1]/sequence[1]/if[1]/assign[1]/copy[2]"/>
    <newElement elementType="to" elementName="" elementXPath="/process/sequence[1]/forEach[1]/scope[1]/sequence[1]/if[1]/assign[1]/copy[2]/to[1]"/>
  </modelChange>
  <modelChange xsi:type="bplog:StructuralChange" changeReason="ElementAdded" timestamp="2016-12-13T20:29:45.061+0100">
    <parentElement elementType="copy" elementName="" elementXPath="/process/sequence[1]/forEach[1]/scope[1]/sequence[1]/if[1]/assign[1]/copy[2]"/>
    <newElement elementType="from" elementName="" elementXPath="/process/sequence[1]/forEach[1]/scope[1]/sequence[1]/if[1]/assign[1]/copy[2]/from[1]"/>
  </modelChange>
  <modelChange xsi:type="bplog:StructuralChange" changeReason="ElementRemoved" timestamp="2016-12-13T20:29:46.635+0100">
    <parentElement elementType="sequence" elementName="" elementXPath="/process/sequence[1]/forEach[1]/scope[1]/sequence[1]/if[1]/sequence[1]"/>
    <oldElement elementType="reply" elementName="replyOutput" elementXPath="/process/sequence[1]/forEach[1]/scope[1]/sequence[1]/if[1]/sequence[1]/reply[1]"/>
  </modelChange>
  <modelChange xsi:type="bplog:StructuralChange" changeReason="ElementAdded" timestamp="2016-12-13T20:29:46.681+0100">
    <parentElement elementType="sequence" elementName="main" elementXPath="/process/sequence[1]"/>
    <newElement elementType="reply" elementName="replyOutput" elementXPath="/process/sequence[1]/reply[1]"/>
  </modelChange>
  <modelChange xsi:type="bplog:StructuralChange" changeReason="ElementRemoved" timestamp="2016-12-13T20:29:48.411+0100">
    <parentElement elementType="sequence" elementName="main" elementXPath="/process/sequence[1]"/>
    <oldElement elementType="reply" elementName="replyOutput" elementXPath="/process/sequence[1]/reply[1]"/>
  </modelChange>
  <modelChange xsi:type="bplog:StructuralChange" changeReason="ElementAdded" timestamp="2016-12-13T20:29:48.458+0100">
    <parentElement elementType="sequence" elementName="main" elementXPath="/process/sequence[1]"/>
    <newElement elementType="reply" elementName="replyOutput" elementXPath="/process/sequence[1]/reply[1]"/>
  </modelChange>
  <modelChange xsi:type="bplog:StructuralChange" changeReason="ElementRemoved" timestamp="2016-12-13T20:29:56.058+0100">
    <parentElement elementType="sequence" elementName="Sequence" elementXPath="/process/sequence[1]/forEach[1]/scope[1]/sequence[1]"/>
    <oldElement elementType="if" elementName="IfExists" elementXPath="/process/sequence[1]/forEach[1]/scope[1]/sequence[1]/if[1]"/>
  </modelChange>
  <modelChange xsi:type="bplog:StructuralChange" changeReason="ElementRemoved" timestamp="2016-12-13T20:29:56.060+0100">
    <parentElement elementType="if" elementName="IfExists" elementXPath="/process/sequence[1]/forEach[1]/scope[1]/sequence[1]/if[1]"/>
    <oldElement elementType="sequence" elementName="" elementXPath="/process/sequence[1]/forEach[1]/scope[1]/sequence[1]/if[1]/sequence[1]"/>
  </modelChange>
  <modelChange xsi:type="bplog:StructuralChange" changeReason="ElementAdded" timestamp="2016-12-13T20:30:01.587+0100">
    <parentElement elementType="sequence" elementName="Sequence" elementXPath="/process/sequence[1]/forEach[1]/scope[1]/sequence[1]"/>
    <newElement elementType="if" elementName="" elementXPath="/process/sequence[1]/forEach[1]/scope[1]/sequence[1]/if[1]"/>
  </modelChange>
  <modelChange xsi:type="bplog:ValueChange" changeReason="AttributeChanged" timestamp="2016-12-13T20:30:01.591+0100">
    <containingElement elementType="if" elementName="" elementXPath="/process/sequence[1]/forEach[1]/scope[1]/sequence[1]/if[1]"/>
    <attribute attributeName="name" oldValue="" newValue="If"/>
  </modelChange>
  <modelChange xsi:type="bplog:StructuralChange" changeReason="ElementAdded" timestamp="2016-12-13T20:31:05.913+0100">
    <parentElement elementType="if" elementName="If" elementXPath="/process/sequence[1]/forEach[1]/scope[1]/sequence[1]/if[1]"/>
    <newElement elementType="assign" elementName=""/>
  </modelChange>
  <modelChange xsi:type="bplog:ValueChange" changeReason="AttributeChanged" timestamp="2016-12-13T20:31:05.915+0100">
    <containingElement elementType="assign" elementName="" elementXPath="/process/sequence[1]/forEach[1]/scope[1]/sequence[1]/if[1]/assign[1]"/>
    <attribute attributeName="name" oldValue="" newValue="Assign"/>
  </modelChange>
  <modelChange xsi:type="bplog:StructuralChange" changeReason="ElementRemoved" timestamp="2016-12-13T20:31:20.764+0100">
    <parentElement elementType="if" elementName="If" elementXPath="/process/sequence[1]/forEach[1]/scope[1]/sequence[1]/if[1]"/>
    <oldElement elementType="assign" elementName="Assign" elementXPath="/process/sequence[1]/forEach[1]/scope[1]/sequence[1]/if[1]/assign[1]"/>
  </modelChange>
  <modelChange xsi:type="bplog:StructuralChange" changeReason="ElementAdded" timestamp="2016-12-13T20:31:20.764+0100">
    <parentElement elementType="if" elementName="If" elementXPath="/process/sequence[1]/forEach[1]/scope[1]/sequence[1]/if[1]"/>
    <newElement elementType="sequence" elementName=""/>
  </modelChange>
  <modelChange xsi:type="bplog:StructuralChange" changeReason="ElementAdded" timestamp="2016-12-13T20:31:20.814+0100">
    <parentElement elementType="sequence" elementName=""/>
    <newElement elementType="reply" elementName="replyOutput" elementXPath="/process/sequence[1]/forEach[1]/scope[1]/sequence[1]/if[1]/sequence[1]/reply[1]"/>
  </modelChange>
  <modelChange xsi:type="bplog:StructuralChange" changeReason="ElementAdded" timestamp="2016-12-13T20:31:20.822+0100">
    <parentElement elementType="sequence" elementName=""/>
    <newElement elementType="assign" elementName="Assign" elementXPath="/process/sequence[1]/forEach[1]/scope[1]/sequence[1]/if[1]/sequence[1]/assign[1]"/>
  </modelChange>
  <modelChange xsi:type="bplog:ValueChange" changeReason="AttributeChanged" timestamp="2016-12-13T20:31:20.824+0100">
    <containingElement elementType="reply" elementName="replyOutput" elementXPath="/process/sequence[1]/forEach[1]/scope[1]/sequence[1]/if[1]/sequence[1]/reply[1]"/>
    <attribute attributeName="name" oldValue="replyOutput" newValue="ReplyOutput"/>
  </modelChange>
  <modelChange xsi:type="bplog:StructuralChange" changeReason="ElementRemoved" timestamp="2016-12-13T20:31:23.076+0100">
    <parentElement elementType="sequence" elementName=""/>
    <oldElement elementType="reply" elementName="ReplyOutput" elementXPath="/process/sequence[1]/forEach[1]/scope[1]/sequence[1]/if[1]/sequence[1]/reply[1]"/>
  </modelChange>
  <modelChange xsi:type="bplog:StructuralChange" changeReason="ElementAdded" timestamp="2016-12-13T20:31:23.127+0100">
    <parentElement elementType="sequence" elementName=""/>
    <newElement elementType="reply" elementName="ReplyOutput" elementXPath="/process/sequence[1]/forEach[1]/scope[1]/sequence[1]/if[1]/sequence[1]/reply[1]"/>
  </modelChange>
  <modelChange xsi:type="bplog:StructuralChange" changeReason="ElementAdded" timestamp="2016-12-13T20:31:27.582+0100">
    <parentElement elementType="assign" elementName="Assign" elementXPath="/process/sequence[1]/forEach[1]/scope[1]/sequence[1]/if[1]/sequence[1]/assign[1]"/>
    <newElement elementType="copy" elementName="" elementXPath="/process/sequence[1]/forEach[1]/scope[1]/sequence[1]/if[1]/sequence[1]/assign[1]/copy[1]"/>
  </modelChange>
  <modelChange xsi:type="bplog:StructuralChange" changeReason="ElementAdded" timestamp="2016-12-13T20:31:27.603+0100">
    <parentElement elementType="copy" elementName="" elementXPath="/process/sequence[1]/forEach[1]/scope[1]/sequence[1]/if[1]/sequence[1]/assign[1]/copy[1]"/>
    <newElement elementType="from" elementName=""/>
  </modelChange>
  <modelChange xsi:type="bplog:StructuralChange" changeReason="ElementAdded" timestamp="2016-12-13T20:31:27.624+0100">
    <parentElement elementType="copy" elementName="" elementXPath="/process/sequence[1]/forEach[1]/scope[1]/sequence[1]/if[1]/sequence[1]/assign[1]/copy[1]"/>
    <newElement elementType="to" elementName=""/>
  </modelChange>
  <modelChange xsi:type="bplog:ValueChange" changeReason="AttributeChanged" timestamp="2016-12-13T20:31:52.696+0100">
    <containingElement elementType="from" elementName="" elementXPath="/process/sequence[1]/forEach[1]/scope[1]/sequence[1]/if[1]/sequence[1]/assign[1]/copy[1]/from[1]"/>
    <attribute attributeName="variable" oldValue=""/>
  </modelChange>
  <modelChange xsi:type="bplog:ValueChange" changeReason="AttributeChanged" timestamp="2016-12-13T20:31:52.697+0100">
    <containingElement elementType="from" elementName="" elementXPath="/process/sequence[1]/forEach[1]/scope[1]/sequence[1]/if[1]/sequence[1]/assign[1]/copy[1]/from[1]"/>
    <attribute attributeName="part" oldValue=""/>
  </modelChange>
  <modelChange xsi:type="bplog:ValueChange" changeReason="AttributeChanged" timestamp="2016-12-13T20:31:52.697+0100">
    <containingElement elementType="from" elementName="" elementXPath="/process/sequence[1]/forEach[1]/scope[1]/sequence[1]/if[1]/sequence[1]/assign[1]/copy[1]/from[1]"/>
    <attribute attributeName="property" oldValue=""/>
  </modelChange>
  <modelChange xsi:type="bplog:ValueChange" changeReason="AttributeChanged" timestamp="2016-12-13T20:31:52.698+0100">
    <containingElement elementType="from" elementName="" elementXPath="/process/sequence[1]/forEach[1]/scope[1]/sequence[1]/if[1]/sequence[1]/assign[1]/copy[1]/from[1]"/>
    <attribute attributeName="part" oldValue="" newValue="checkAvailabilityOutput"/>
  </modelChange>
  <modelChange xsi:type="bplog:ValueChange" changeReason="AttributeChanged" timestamp="2016-12-13T20:31:52.701+0100">
    <containingElement elementType="from" elementName="" elementXPath="/process/sequence[1]/forEach[1]/scope[1]/sequence[1]/if[1]/sequence[1]/assign[1]/copy[1]/from[1]"/>
    <attribute attributeName="variable" oldValue="" newValue="InventoryServicePLResponse"/>
  </modelChange>
  <modelChange xsi:type="bplog:ValueChange" changeReason="AttributeChanged" timestamp="2016-12-13T20:31:54.144+0100">
    <containingElement elementType="to" elementName=""/>
    <attribute attributeName="variable" oldValue=""/>
  </modelChange>
  <modelChange xsi:type="bplog:ValueChange" changeReason="AttributeChanged" timestamp="2016-12-13T20:31:54.145+0100">
    <containingElement elementType="to" elementName=""/>
    <attribute attributeName="part" oldValue=""/>
  </modelChange>
  <modelChange xsi:type="bplog:ValueChange" changeReason="AttributeChanged" timestamp="2016-12-13T20:31:54.145+0100">
    <containingElement elementType="to" elementName=""/>
    <attribute attributeName="property" oldValue=""/>
  </modelChange>
  <modelChange xsi:type="bplog:ValueChange" changeReason="AttributeChanged" timestamp="2016-12-13T20:31:54.146+0100">
    <containingElement elementType="to" elementName=""/>
    <attribute attributeName="part" oldValue="" newValue="payload"/>
  </modelChange>
  <modelChange xsi:type="bplog:ValueChange" changeReason="AttributeChanged" timestamp="2016-12-13T20:31:54.149+0100">
    <containingElement elementType="to" elementName=""/>
    <attribute attributeName="variable" oldValue="" newValue="output"/>
  </modelChange>
  <modelChange xsi:type="bplog:StructuralChange" changeReason="ElementAdded" timestamp="2016-12-13T20:31:55.361+0100">
    <parentElement elementType="assign" elementName="Assign" elementXPath="/process/sequence[1]/forEach[1]/scope[1]/sequence[1]/if[1]/sequence[1]/assign[1]"/>
    <newElement elementType="copy" elementName="" elementXPath="/process/sequence[1]/forEach[1]/scope[1]/sequence[1]/if[1]/sequence[1]/assign[1]/copy[1]"/>
  </modelChange>
  <modelChange xsi:type="bplog:StructuralChange" changeReason="ElementAdded" timestamp="2016-12-13T20:31:55.370+0100">
    <parentElement elementType="copy" elementName="" elementXPath="/process/sequence[1]/forEach[1]/scope[1]/sequence[1]/if[1]/sequence[1]/assign[1]/copy[1]"/>
    <newElement elementType="from" elementName=""/>
  </modelChange>
  <modelChange xsi:type="bplog:StructuralChange" changeReason="ElementAdded" timestamp="2016-12-13T20:31:55.376+0100">
    <parentElement elementType="copy" elementName="" elementXPath="/process/sequence[1]/forEach[1]/scope[1]/sequence[1]/if[1]/sequence[1]/assign[1]/copy[1]"/>
    <newElement elementType="to" elementName=""/>
  </modelChange>
  <modelChange xsi:type="bplog:StructuralChange" changeReason="ElementRemoved" timestamp="2016-12-13T20:31:55.384+0100">
    <parentElement elementType="copy" elementName="" elementXPath="/process/sequence[1]/forEach[1]/scope[1]/sequence[1]/if[1]/sequence[1]/assign[1]/copy[1]"/>
    <oldElement elementType="from" elementName="" elementXPath="/process/sequence[1]/forEach[1]/scope[1]/sequence[1]/if[1]/sequence[1]/assign[1]/copy[1]/from[1]"/>
  </modelChange>
  <modelChange xsi:type="bplog:StructuralChange" changeReason="ElementAdded" timestamp="2016-12-13T20:31:55.384+0100">
    <parentElement elementType="copy" elementName="" elementXPath="/process/sequence[1]/forEach[1]/scope[1]/sequence[1]/if[1]/sequence[1]/assign[1]/copy[1]"/>
    <newElement elementType="from" elementName=""/>
  </modelChange>
  <modelChange xsi:type="bplog:StructuralChange" changeReason="ElementRemoved" timestamp="2016-12-13T20:31:55.388+0100">
    <parentElement elementType="copy" elementName="" elementXPath="/process/sequence[1]/forEach[1]/scope[1]/sequence[1]/if[1]/sequence[1]/assign[1]/copy[1]"/>
    <oldElement elementType="to" elementName="" elementXPath="/process/sequence[1]/forEach[1]/scope[1]/sequence[1]/if[1]/sequence[1]/assign[1]/copy[1]/to[1]"/>
  </modelChange>
  <modelChange xsi:type="bplog:StructuralChange" changeReason="ElementAdded" timestamp="2016-12-13T20:31:55.388+0100">
    <parentElement elementType="copy" elementName="" elementXPath="/process/sequence[1]/forEach[1]/scope[1]/sequence[1]/if[1]/sequence[1]/assign[1]/copy[1]"/>
    <newElement elementType="to" elementName=""/>
  </modelChange>
  <modelChange xsi:type="bplog:StructuralChange" changeReason="ElementRemoved" timestamp="2016-12-13T20:33:38.839+0100">
    <parentElement elementType="if" elementName="If" elementXPath="/process/sequence[1]/forEach[1]/scope[1]/sequence[1]/if[1]"/>
    <oldElement elementType="sequence" elementName=""/>
  </modelChange>
  <modelChange xsi:type="bplog:StructuralChange" changeReason="ElementRemoved" timestamp="2016-12-13T20:33:38.840+0100">
    <parentElement elementType="sequence" elementName=""/>
    <oldElement elementType="assign" elementName="Assign" elementXPath="/process/sequence[1]/forEach[1]/scope[1]/sequence[1]/if[1]/sequence[1]/assign[1]"/>
  </modelChange>
  <modelChange xsi:type="bplog:StructuralChange" changeReason="ElementRemoved" timestamp="2016-12-13T20:33:38.841+0100">
    <parentElement elementType="assign" elementName="Assign" elementXPath="/process/sequence[1]/forEach[1]/scope[1]/sequence[1]/if[1]/sequence[1]/assign[1]"/>
    <oldElement elementType="copy" elementName="" elementXPath="/process/sequence[1]/forEach[1]/scope[1]/sequence[1]/if[1]/sequence[1]/assign[1]/copy[1]"/>
  </modelChange>
  <modelChange xsi:type="bplog:StructuralChange" changeReason="ElementRemoved" timestamp="2016-12-13T20:33:38.842+0100">
    <parentElement elementType="copy" elementName="" elementXPath="/process/sequence[1]/forEach[1]/scope[1]/sequence[1]/if[1]/sequence[1]/assign[1]/copy[1]"/>
    <oldElement elementType="to" elementName=""/>
  </modelChange>
  <modelChange xsi:type="bplog:StructuralChange" changeReason="ElementRemoved" timestamp="2016-12-13T20:33:38.842+0100">
    <parentElement elementType="copy" elementName="" elementXPath="/process/sequence[1]/forEach[1]/scope[1]/sequence[1]/if[1]/sequence[1]/assign[1]/copy[1]"/>
    <oldElement elementType="from" elementName="" elementXPath="/process/sequence[1]/forEach[1]/scope[1]/sequence[1]/if[1]/sequence[1]/assign[1]/copy[1]/from[1]"/>
  </modelChange>
  <modelChange xsi:type="bplog:StructuralChange" changeReason="ElementRemoved" timestamp="2016-12-13T20:33:38.842+0100">
    <parentElement elementType="assign" elementName="Assign" elementXPath="/process/sequence[1]/forEach[1]/scope[1]/sequence[1]/if[1]/sequence[1]/assign[1]"/>
    <oldElement elementType="copy" elementName="" elementXPath="/process/sequence[1]/forEach[1]/scope[1]/sequence[1]/if[1]/sequence[1]/assign[1]/copy[2]"/>
  </modelChange>
  <modelChange xsi:type="bplog:StructuralChange" changeReason="ElementRemoved" timestamp="2016-12-13T20:33:38.842+0100">
    <parentElement elementType="copy" elementName="" elementXPath="/process/sequence[1]/forEach[1]/scope[1]/sequence[1]/if[1]/sequence[1]/assign[1]/copy[2]"/>
    <oldElement elementType="to" elementName="" elementXPath="/process/sequence[1]/forEach[1]/scope[1]/sequence[1]/if[1]/sequence[1]/assign[1]/copy[1]/to[1]"/>
  </modelChange>
  <modelChange xsi:type="bplog:StructuralChange" changeReason="ElementRemoved" timestamp="2016-12-13T20:33:38.842+0100">
    <parentElement elementType="copy" elementName="" elementXPath="/process/sequence[1]/forEach[1]/scope[1]/sequence[1]/if[1]/sequence[1]/assign[1]/copy[2]"/>
    <oldElement elementType="from" elementName="" elementXPath="/process/sequence[1]/forEach[1]/scope[1]/sequence[1]/if[1]/sequence[1]/assign[1]/copy[1]/from[1]"/>
  </modelChange>
  <modelChange xsi:type="bplog:StructuralChange" changeReason="ElementRemoved" timestamp="2016-12-13T20:33:38.842+0100">
    <parentElement elementType="sequence" elementName=""/>
    <oldElement elementType="reply" elementName="ReplyOutput" elementXPath="/process/sequence[1]/forEach[1]/scope[1]/sequence[1]/if[1]/sequence[1]/reply[1]"/>
  </modelChange>
  <modelChange xsi:type="bplog:StructuralChange" changeReason="ElementAdded" timestamp="2016-12-13T20:33:53.747+0100">
    <parentElement elementType="if" elementName="If" elementXPath="/process/sequence[1]/forEach[1]/scope[1]/sequence[1]/if[1]"/>
    <newElement elementType="exit" elementName=""/>
  </modelChange>
  <modelChange xsi:type="bplog:ValueChange" changeReason="AttributeChanged" timestamp="2016-12-13T20:33:53.753+0100">
    <containingElement elementType="exit" elementName="" elementXPath="/process/sequence[1]/forEach[1]/scope[1]/sequence[1]/if[1]/exit[1]"/>
    <attribute attributeName="name" oldValue="" newValue="Exit"/>
  </modelChange>
  <modelChange xsi:type="bplog:ValueChange" changeReason="AttributeChanged" timestamp="2016-12-13T20:34:42.527+0100">
    <containingElement elementType="if" elementName="If" elementXPath="/process/sequence[1]/forEach[1]/scope[1]/sequence[1]/if[1]"/>
    <attribute attributeName="name" oldValue="If" newValue="IfProductNotAvailable"/>
  </modelChange>
  <modelChange xsi:type="bplog:ValueChange" changeReason="AttributeChanged" timestamp="2016-12-13T20:37:05.608+0100">
    <containingElement elementType="assign" elementName="Assign1" elementXPath="/process/sequence[1]/assign[1]"/>
    <attribute attributeName="name" oldValue="Assign1" newValue="AssignOrder"/>
  </modelChange>
</bplog:Log>
